{"meta": {"format": 3, "version": "7.13.2", "timestamp": "2026-02-08T19:06:37.129189", "branch_coverage": false, "show_contexts": false}, "files": {"bm25_search.py": {"executed_lines": [5, 6, 7, 8, 9, 10, 12, 13, 14, 19, 22, 23, 25, 26, 27, 28, 30, 44, 52, 74, 108, 128, 185, 189, 200], "summary": {"covered_lines": 25, "num_statements": 90, "percent_covered": 27.77777777777778, "percent_covered_display": "28", "missing_lines": 65, "excluded_lines": 0, "percent_statements_covered": 27.77777777777778, "percent_statements_covered_display": "28"}, "missing_lines": [15, 16, 17, 32, 60, 61, 62, 63, 64, 65, 66, 68, 69, 70, 72, 76, 77, 78, 80, 81, 82, 85, 87, 88, 89, 93, 94, 97, 100, 101, 103, 105, 106, 117, 120, 121, 124, 126, 145, 146, 147, 149, 150, 151, 154, 156, 157, 158, 161, 164, 165, 166, 167, 168, 170, 179, 182, 183, 187, 191, 214, 216, 217, 218, 220], "excluded_lines": [], "functions": {"BM25SearchResult.to_dict": {"executed_lines": [], "summary": {"covered_lines": 0, "num_statements": 1, "percent_covered": 0.0, "percent_covered_display": "0", "missing_lines": 1, "excluded_lines": 0, "percent_statements_covered": 0.0, "percent_statements_covered_display": "0"}, "missing_lines": [32], "excluded_lines": [], "start_line": 30}, "BM25SearchStrategy.__init__": {"executed_lines": [], "summary": {"covered_lines": 0, "num_statements": 11, "percent_covered": 0.0, "percent_covered_display": "0", "missing_lines": 11, "excluded_lines": 0, "percent_statements_covered": 0.0, "percent_statements_covered_display": "0"}, "missing_lines": [60, 61, 62, 63, 64, 65, 66, 68, 69, 70, 72], "excluded_lines": [], "start_line": 52}, "BM25SearchStrategy._load_metadata": {"executed_lines": [], "summary": {"covered_lines": 0, "num_statements": 18, "percent_covered": 0.0, "percent_covered_display": "0", "missing_lines": 18, "excluded_lines": 0, "percent_statements_covered": 0.0, "percent_statements_covered_display": "0"}, "missing_lines": [76, 77, 78, 80, 81, 82, 85, 87, 88, 89, 93, 94, 97, 100, 101, 103, 105, 106], "excluded_lines": [], "start_line": 74}, "BM25SearchStrategy._tokenize": {"executed_lines": [], "summary": {"covered_lines": 0, "num_statements": 5, "percent_covered": 0.0, "percent_covered_display": "0", "missing_lines": 5, "excluded_lines": 0, "percent_statements_covered": 0.0, "percent_statements_covered_display": "0"}, "missing_lines": [117, 120, 121, 124, 126], "excluded_lines": [], "start_line": 108}, "BM25SearchStrategy.search": {"executed_lines": [], "summary": {"covered_lines": 0, "num_statements": 20, "percent_covered": 0.0, "percent_covered_display": "0", "missing_lines": 20, "excluded_lines": 0, "percent_statements_covered": 0.0, "percent_statements_covered_display": "0"}, "missing_lines": [145, 146, 147, 149, 150, 151, 154, 156, 157, 158, 161, 164, 165, 166, 167, 168, 170, 179, 182, 183], "excluded_lines": [], "start_line": 128}, "BM25SearchStrategy.is_available": {"executed_lines": [], "summary": {"covered_lines": 0, "num_statements": 1, "percent_covered": 0.0, "percent_covered_display": "0", "missing_lines": 1, "excluded_lines": 0, "percent_statements_covered": 0.0, "percent_statements_covered_display": "0"}, "missing_lines": [187], "excluded_lines": [], "start_line": 185}, "BM25SearchStrategy.get_stats": {"executed_lines": [], "summary": {"covered_lines": 0, "num_statements": 1, "percent_covered": 0.0, "percent_covered_display": "0", "missing_lines": 1, "excluded_lines": 0, "percent_statements_covered": 0.0, "percent_statements_covered_display": "0"}, "missing_lines": [191], "excluded_lines": [], "start_line": 189}, "create_bm25_strategy": {"executed_lines": [], "summary": {"covered_lines": 0, "num_statements": 5, "percent_covered": 0.0, "percent_covered_display": "0", "missing_lines": 5, "excluded_lines": 0, "percent_statements_covered": 0.0, "percent_statements_covered_display": "0"}, "missing_lines": [214, 216, 217, 218, 220], "excluded_lines": [], "start_line": 200}, "": {"executed_lines": [5, 6, 7, 8, 9, 10, 12, 13, 14, 19, 22, 23, 25, 26, 27, 28, 30, 44, 52, 74, 108, 128, 185, 189, 200], "summary": {"covered_lines": 25, "num_statements": 28, "percent_covered": 89.28571428571429, "percent_covered_display": "89", "missing_lines": 3, "excluded_lines": 0, "percent_statements_covered": 89.28571428571429, "percent_statements_covered_display": "89"}, "missing_lines": [15, 16, 17], "excluded_lines": [], "start_line": 1}}, "classes": {"BM25SearchResult": {"executed_lines": [], "summary": {"covered_lines": 0, "num_statements": 1, "percent_covered": 0.0, "percent_covered_display": "0", "missing_lines": 1, "excluded_lines": 0, "percent_statements_covered": 0.0, "percent_statements_covered_display": "0"}, "missing_lines": [32], "excluded_lines": [], "start_line": 23}, "BM25SearchStrategy": {"executed_lines": [], "summary": {"covered_lines": 0, "num_statements": 56, "percent_covered": 0.0, "percent_covered_display": "0", "missing_lines": 56, "excluded_lines": 0, "percent_statements_covered": 0.0, "percent_statements_covered_display": "0"}, "missing_lines": [60, 61, 62, 63, 64, 65, 66, 68, 69, 70, 72, 76, 77, 78, 80, 81, 82, 85, 87, 88, 89, 93, 94, 97, 100, 101, 103, 105, 106, 117, 120, 121, 124, 126, 145, 146, 147, 149, 150, 151, 154, 156, 157, 158, 161, 164, 165, 166, 167, 168, 170, 179, 182, 183, 187, 191], "excluded_lines": [], "start_line": 44}, "": {"executed_lines": [5, 6, 7, 8, 9, 10, 12, 13, 14, 19, 22, 23, 25, 26, 27, 28, 30, 44, 52, 74, 108, 128, 185, 189, 200], "summary": {"covered_lines": 25, "num_statements": 33, "percent_covered": 75.75757575757575, "percent_covered_display": "76", "missing_lines": 8, "excluded_lines": 0, "percent_statements_covered": 75.75757575757575, "percent_statements_covered_display": "76"}, "missing_lines": [15, 16, 17, 214, 216, 217, 218, 220], "excluded_lines": [], "start_line": 1}}}, "config.py": {"executed_lines": [6, 7, 8, 9, 11, 14, 32, 33, 36, 37, 40, 41, 44, 47, 48, 49, 50, 51, 54, 55, 56, 57, 60, 61, 64, 65, 68, 71, 72, 73, 74, 77, 78, 79, 80, 85, 86, 87, 90, 91, 92, 93, 94, 95, 100, 101, 104, 105, 108, 109, 110, 113, 114, 117, 118, 121, 123, 126, 128, 146, 147, 149, 150, 151, 152, 159, 177, 178, 180, 181, 182, 183, 190, 191, 212, 213, 214, 218, 220, 239, 242, 243, 247, 253, 254, 258, 259, 261, 263, 264, 267, 276, 280, 281, 287, 288, 293, 294, 299, 302, 312, 313, 314, 315, 316, 317, 318, 319, 320, 323, 324, 325, 328, 338, 339, 340, 341, 342, 343, 344, 345, 348, 361, 363, 364, 366], "summary": {"covered_lines": 126, "num_statements": 140, "percent_covered": 90.0, "percent_covered_display": "90", "missing_lines": 14, "excluded_lines": 1, "percent_statements_covered": 90.0, "percent_statements_covered_display": "90"}, "missing_lines": [248, 255, 260, 262, 268, 269, 270, 271, 272, 273, 277, 282, 289, 290], "excluded_lines": [192], "functions": {"Config.__init__": {"executed_lines": [126], "summary": {"covered_lines": 1, "num_statements": 1, "percent_covered": 100.0, "percent_covered_display": "100", "missing_lines": 0, "excluded_lines": 0, "percent_statements_covered": 100.0, "percent_statements_covered_display": "100"}, "missing_lines": [], "excluded_lines": [], "start_line": 123}, "Config.get_index_file": {"executed_lines": [146, 147, 149, 150, 151, 152], "summary": {"covered_lines": 6, "num_statements": 6, "percent_covered": 100.0, "percent_covered_display": "100", "missing_lines": 0, "excluded_lines": 0, "percent_statements_covered": 100.0, "percent_statements_covered_display": "100"}, "missing_lines": [], "excluded_lines": [], "start_line": 128}, "Config.get_metadata_file": {"executed_lines": [177, 178, 180, 181, 182, 183], "summary": {"covered_lines": 6, "num_statements": 6, "percent_covered": 100.0, "percent_covered_display": "100", "missing_lines": 0, "excluded_lines": 0, "percent_statements_covered": 100.0, "percent_statements_covered_display": "100"}, "missing_lines": [], "excluded_lines": [], "start_line": 159}, "Config._validate_businesstype": {"executed_lines": [212, 213, 214, 218], "summary": {"covered_lines": 4, "num_statements": 4, "percent_covered": 100.0, "percent_covered_display": "100", "missing_lines": 0, "excluded_lines": 1, "percent_statements_covered": 100.0, "percent_statements_covered_display": "100"}, "missing_lines": [], "excluded_lines": [192], "start_line": 191}, "Config.validate": {"executed_lines": [239, 242, 243, 247, 253, 254, 258, 259, 261, 263, 264, 267, 276, 280, 281, 287, 288, 293, 294, 299], "summary": {"covered_lines": 20, "num_statements": 34, "percent_covered": 58.8235294117647, "percent_covered_display": "59", "missing_lines": 14, "excluded_lines": 0, "percent_statements_covered": 58.8235294117647, "percent_statements_covered_display": "59"}, "missing_lines": [248, 255, 260, 262, 268, 269, 270, 271, 272, 273, 277, 282, 289, 290], "excluded_lines": [], "start_line": 220}, "get_config": {"executed_lines": [361, 363, 364, 366], "summary": {"covered_lines": 4, "num_statements": 4, "percent_covered": 100.0, "percent_covered_display": "100", "missing_lines": 0, "excluded_lines": 0, "percent_statements_covered": 100.0, "percent_statements_covered_display": "100"}, "missing_lines": [], "excluded_lines": [], "start_line": 348}, "": {"executed_lines": [6, 7, 8, 9, 11, 14, 32, 33, 36, 37, 40, 41, 44, 47, 48, 49, 50, 51, 54, 55, 56, 57, 60, 61, 64, 65, 68, 71, 72, 73, 74, 77, 78, 79, 80, 85, 86, 87, 90, 91, 92, 93, 94, 95, 100, 101, 104, 105, 108, 109, 110, 113, 114, 117, 118, 121, 123, 128, 159, 190, 191, 220, 302, 312, 313, 314, 315, 316, 317, 318, 319, 320, 323, 324, 325, 328, 338, 339, 340, 341, 342, 343, 344, 345, 348], "summary": {"covered_lines": 85, "num_statements": 85, "percent_covered": 100.0, "percent_covered_display": "100", "missing_lines": 0, "excluded_lines": 0, "percent_statements_covered": 100.0, "percent_statements_covered_display": "100"}, "missing_lines": [], "excluded_lines": [], "start_line": 1}}, "classes": {"Config": {"executed_lines": [126, 146, 147, 149, 150, 151, 152, 177, 178, 180, 181, 182, 183, 212, 213, 214, 218, 239, 242, 243, 247, 253, 254, 258, 259, 261, 263, 264, 267, 276, 280, 281, 287, 288, 293, 294, 299], "summary": {"covered_lines": 37, "num_statements": 51, "percent_covered": 72.54901960784314, "percent_covered_display": "73", "missing_lines": 14, "excluded_lines": 1, "percent_statements_covered": 72.54901960784314, "percent_statements_covered_display": "73"}, "missing_lines": [248, 255, 260, 262, 268, 269, 270, 271, 272, 273, 277, 282, 289, 290], "excluded_lines": [192], "start_line": 14}, "ProductionConfig": {"executed_lines": [], "summary": {"covered_lines": 0, "num_statements": 0, "percent_covered": 100.0, "percent_covered_display": "100", "missing_lines": 0, "excluded_lines": 0, "percent_statements_covered": 100.0, "percent_statements_covered_display": "100"}, "missing_lines": [], "excluded_lines": [], "start_line": 302}, "DevelopmentConfig": {"executed_lines": [], "summary": {"covered_lines": 0, "num_statements": 0, "percent_covered": 100.0, "percent_covered_display": "100", "missing_lines": 0, "excluded_lines": 0, "percent_statements_covered": 100.0, "percent_statements_covered_display": "100"}, "missing_lines": [], "excluded_lines": [], "start_line": 328}, "": {"executed_lines": [6, 7, 8, 9, 11, 14, 32, 33, 36, 37, 40, 41, 44, 47, 48, 49, 50, 51, 54, 55, 56, 57, 60, 61, 64, 65, 68, 71, 72, 73, 74, 77, 78, 79, 80, 85, 86, 87, 90, 91, 92, 93, 94, 95, 100, 101, 104, 105, 108, 109, 110, 113, 114, 117, 118, 121, 123, 128, 159, 190, 191, 220, 302, 312, 313, 314, 315, 316, 317, 318, 319, 320, 323, 324, 325, 328, 338, 339, 340, 341, 342, 343, 344, 345, 348, 361, 363, 364, 366], "summary": {"covered_lines": 89, "num_statements": 89, "percent_covered": 100.0, "percent_covered_display": "100", "missing_lines": 0, "excluded_lines": 0, "percent_statements_covered": 100.0, "percent_statements_covered_display": "100"}, "missing_lines": [], "excluded_lines": [], "start_line": 1}}}, "exceptions.py": {"executed_lines": [6, 7, 10, 14, 15, 16, 19, 20, 21, 22, 23, 24, 27, 28, 29, 32, 33, 34, 37, 38, 39, 42, 43, 44, 45, 48, 54, 69, 70, 71, 72, 75, 76, 77, 78, 80, 82, 88, 94, 101, 104, 111, 114, 120, 129, 132, 133, 134, 135, 137, 145, 151, 157, 168, 171, 178, 181, 187, 193, 194, 202, 208, 223, 229, 236, 237, 238, 239, 240, 242, 253, 256, 263, 266, 272, 278, 279, 287, 293, 299, 310, 313, 323, 329, 347, 350, 360, 363, 380, 383, 390, 393, 396, 402, 403, 411, 414, 420, 421], "summary": {"covered_lines": 99, "num_statements": 106, "percent_covered": 93.39622641509433, "percent_covered_display": "93", "missing_lines": 7, "excluded_lines": 0, "percent_statements_covered": 93.39622641509433, "percent_statements_covered_display": "93"}, "missing_lines": [95, 214, 215, 320, 336, 357, 369], "excluded_lines": [], "functions": {"BaseError.__init__": {"executed_lines": [69, 70, 71, 72, 75, 76, 77, 78, 80], "summary": {"covered_lines": 9, "num_statements": 9, "percent_covered": 100.0, "percent_covered_display": "100", "missing_lines": 0, "excluded_lines": 0, "percent_statements_covered": 100.0, "percent_statements_covered_display": "100"}, "missing_lines": [], "excluded_lines": [], "start_line": 54}, "BaseError.to_dict": {"executed_lines": [88], "summary": {"covered_lines": 1, "num_statements": 1, "percent_covered": 100.0, "percent_covered_display": "100", "missing_lines": 0, "excluded_lines": 0, "percent_statements_covered": 100.0, "percent_statements_covered_display": "100"}, "missing_lines": [], "excluded_lines": [], "start_line": 82}, "BaseError.__repr__": {"executed_lines": [], "summary": {"covered_lines": 0, "num_statements": 1, "percent_covered": 0.0, "percent_covered_display": "0", "missing_lines": 1, "excluded_lines": 0, "percent_statements_covered": 0.0, "percent_statements_covered_display": "0"}, "missing_lines": [95], "excluded_lines": [], "start_line": 94}, "ConfigError.__init__": {"executed_lines": [111], "summary": {"covered_lines": 1, "num_statements": 1, "percent_covered": 100.0, "percent_covered_display": "100", "missing_lines": 0, "excluded_lines": 0, "percent_statements_covered": 100.0, "percent_statements_covered_display": "100"}, "missing_lines": [], "excluded_lines": [], "start_line": 104}, "ConfigValidationError.__init__": {"executed_lines": [129, 132, 133, 134, 135, 137], "summary": {"covered_lines": 6, "num_statements": 6, "percent_covered": 100.0, "percent_covered_display": "100", "missing_lines": 0, "excluded_lines": 0, "percent_statements_covered": 100.0, "percent_statements_covered_display": "100"}, "missing_lines": [], "excluded_lines": [], "start_line": 120}, "InvalidBusinesstypeError.__init__": {"executed_lines": [157], "summary": {"covered_lines": 1, "num_statements": 1, "percent_covered": 100.0, "percent_covered_display": "100", "missing_lines": 0, "excluded_lines": 0, "percent_statements_covered": 100.0, "percent_statements_covered_display": "100"}, "missing_lines": [], "excluded_lines": [], "start_line": 151}, "DatabaseError.__init__": {"executed_lines": [178], "summary": {"covered_lines": 1, "num_statements": 1, "percent_covered": 100.0, "percent_covered_display": "100", "missing_lines": 0, "excluded_lines": 0, "percent_statements_covered": 100.0, "percent_statements_covered_display": "100"}, "missing_lines": [], "excluded_lines": [], "start_line": 171}, "DatabaseInitError.__init__": {"executed_lines": [193, 194], "summary": {"covered_lines": 2, "num_statements": 2, "percent_covered": 100.0, "percent_covered_display": "100", "missing_lines": 0, "excluded_lines": 0, "percent_statements_covered": 100.0, "percent_statements_covered_display": "100"}, "missing_lines": [], "excluded_lines": [], "start_line": 187}, "DatabaseIndexError.__init__": {"executed_lines": [], "summary": {"covered_lines": 0, "num_statements": 2, "percent_covered": 0.0, "percent_covered_display": "0", "missing_lines": 2, "excluded_lines": 0, "percent_statements_covered": 0.0, "percent_statements_covered_display": "0"}, "missing_lines": [214, 215], "excluded_lines": [], "start_line": 208}, "DatabaseSearchError.__init__": {"executed_lines": [236, 237, 238, 239, 240, 242], "summary": {"covered_lines": 6, "num_statements": 6, "percent_covered": 100.0, "percent_covered_display": "100", "missing_lines": 0, "excluded_lines": 0, "percent_statements_covered": 100.0, "percent_statements_covered_display": "100"}, "missing_lines": [], "excluded_lines": [], "start_line": 229}, "VectorError.__init__": {"executed_lines": [263], "summary": {"covered_lines": 1, "num_statements": 1, "percent_covered": 100.0, "percent_covered_display": "100", "missing_lines": 0, "excluded_lines": 0, "percent_statements_covered": 100.0, "percent_statements_covered_display": "100"}, "missing_lines": [], "excluded_lines": [], "start_line": 256}, "EmbeddingError.__init__": {"executed_lines": [278, 279], "summary": {"covered_lines": 2, "num_statements": 2, "percent_covered": 100.0, "percent_covered_display": "100", "missing_lines": 0, "excluded_lines": 0, "percent_statements_covered": 100.0, "percent_statements_covered_display": "100"}, "missing_lines": [], "excluded_lines": [], "start_line": 272}, "DimensionMismatchError.__init__": {"executed_lines": [299], "summary": {"covered_lines": 1, "num_statements": 1, "percent_covered": 100.0, "percent_covered_display": "100", "missing_lines": 0, "excluded_lines": 0, "percent_statements_covered": 100.0, "percent_statements_covered_display": "100"}, "missing_lines": [], "excluded_lines": [], "start_line": 293}, "ValidationError.__init__": {"executed_lines": [], "summary": {"covered_lines": 0, "num_statements": 1, "percent_covered": 0.0, "percent_covered_display": "0", "missing_lines": 1, "excluded_lines": 0, "percent_statements_covered": 0.0, "percent_statements_covered_display": "0"}, "missing_lines": [320], "excluded_lines": [], "start_line": 313}, "ParameterValidationError.__init__": {"executed_lines": [], "summary": {"covered_lines": 0, "num_statements": 1, "percent_covered": 0.0, "percent_covered_display": "0", "missing_lines": 1, "excluded_lines": 0, "percent_statements_covered": 0.0, "percent_statements_covered_display": "0"}, "missing_lines": [336], "excluded_lines": [], "start_line": 329}, "SearchError.__init__": {"executed_lines": [], "summary": {"covered_lines": 0, "num_statements": 1, "percent_covered": 0.0, "percent_covered_display": "0", "missing_lines": 1, "excluded_lines": 0, "percent_statements_covered": 0.0, "percent_statements_covered_display": "0"}, "missing_lines": [357], "excluded_lines": [], "start_line": 350}, "QueryValidationError.__init__": {"executed_lines": [], "summary": {"covered_lines": 0, "num_statements": 1, "percent_covered": 0.0, "percent_covered_display": "0", "missing_lines": 1, "excluded_lines": 0, "percent_statements_covered": 0.0, "percent_statements_covered_display": "0"}, "missing_lines": [369], "excluded_lines": [], "start_line": 363}, "MCPError.__init__": {"executed_lines": [390], "summary": {"covered_lines": 1, "num_statements": 1, "percent_covered": 100.0, "percent_covered_display": "100", "missing_lines": 0, "excluded_lines": 0, "percent_statements_covered": 100.0, "percent_statements_covered_display": "100"}, "missing_lines": [], "excluded_lines": [], "start_line": 383}, "MCPConnectionError.__init__": {"executed_lines": [402, 403], "summary": {"covered_lines": 2, "num_statements": 2, "percent_covered": 100.0, "percent_covered_display": "100", "missing_lines": 0, "excluded_lines": 0, "percent_statements_covered": 100.0, "percent_statements_covered_display": "100"}, "missing_lines": [], "excluded_lines": [], "start_line": 396}, "MCPTimeoutError.__init__": {"executed_lines": [420, 421], "summary": {"covered_lines": 2, "num_statements": 2, "percent_covered": 100.0, "percent_covered_display": "100", "missing_lines": 0, "excluded_lines": 0, "percent_statements_covered": 100.0, "percent_statements_covered_display": "100"}, "missing_lines": [], "excluded_lines": [], "start_line": 414}, "": {"executed_lines": [6, 7, 10, 14, 15, 16, 19, 20, 21, 22, 23, 24, 27, 28, 29, 32, 33, 34, 37, 38, 39, 42, 43, 44, 45, 48, 54, 82, 94, 101, 104, 114, 120, 145, 151, 168, 171, 181, 187, 202, 208, 223, 229, 253, 256, 266, 272, 287, 293, 310, 313, 323, 329, 347, 350, 360, 363, 380, 383, 393, 396, 411, 414], "summary": {"covered_lines": 63, "num_statements": 63, "percent_covered": 100.0, "percent_covered_display": "100", "missing_lines": 0, "excluded_lines": 0, "percent_statements_covered": 100.0, "percent_statements_covered_display": "100"}, "missing_lines": [], "excluded_lines": [], "start_line": 1}}, "classes": {"ErrorCode": {"executed_lines": [], "summary": {"covered_lines": 0, "num_statements": 0, "percent_covered": 100.0, "percent_covered_display": "100", "missing_lines": 0, "excluded_lines": 0, "percent_statements_covered": 100.0, "percent_statements_covered_display": "100"}, "missing_lines": [], "excluded_lines": [], "start_line": 10}, "BaseError": {"executed_lines": [69, 70, 71, 72, 75, 76, 77, 78, 80, 88], "summary": {"covered_lines": 10, "num_statements": 11, "percent_covered": 90.9090909090909, "percent_covered_display": "91", "missing_lines": 1, "excluded_lines": 0, "percent_statements_covered": 90.9090909090909, "percent_statements_covered_display": "91"}, "missing_lines": [95], "excluded_lines": [], "start_line": 48}, "ConfigError": {"executed_lines": [111], "summary": {"covered_lines": 1, "num_statements": 1, "percent_covered": 100.0, "percent_covered_display": "100", "missing_lines": 0, "excluded_lines": 0, "percent_statements_covered": 100.0, "percent_statements_covered_display": "100"}, "missing_lines": [], "excluded_lines": [], "start_line": 101}, "ConfigValidationError": {"executed_lines": [129, 132, 133, 134, 135, 137], "summary": {"covered_lines": 6, "num_statements": 6, "percent_covered": 100.0, "percent_covered_display": "100", "missing_lines": 0, "excluded_lines": 0, "percent_statements_covered": 100.0, "percent_statements_covered_display": "100"}, "missing_lines": [], "excluded_lines": [], "start_line": 114}, "InvalidBusinesstypeError": {"executed_lines": [157], "summary": {"covered_lines": 1, "num_statements": 1, "percent_covered": 100.0, "percent_covered_display": "100", "missing_lines": 0, "excluded_lines": 0, "percent_statements_covered": 100.0, "percent_statements_covered_display": "100"}, "missing_lines": [], "excluded_lines": [], "start_line": 145}, "DatabaseError": {"executed_lines": [178], "summary": {"covered_lines": 1, "num_statements": 1, "percent_covered": 100.0, "percent_covered_display": "100", "missing_lines": 0, "excluded_lines": 0, "percent_statements_covered": 100.0, "percent_statements_covered_display": "100"}, "missing_lines": [], "excluded_lines": [], "start_line": 168}, "DatabaseInitError": {"executed_lines": [193, 194], "summary": {"covered_lines": 2, "num_statements": 2, "percent_covered": 100.0, "percent_covered_display": "100", "missing_lines": 0, "excluded_lines": 0, "percent_statements_covered": 100.0, "percent_statements_covered_display": "100"}, "missing_lines": [], "excluded_lines": [], "start_line": 181}, "DatabaseIndexError": {"executed_lines": [], "summary": {"covered_lines": 0, "num_statements": 2, "percent_covered": 0.0, "percent_covered_display": "0", "missing_lines": 2, "excluded_lines": 0, "percent_statements_covered": 0.0, "percent_statements_covered_display": "0"}, "missing_lines": [214, 215], "excluded_lines": [], "start_line": 202}, "DatabaseSearchError": {"executed_lines": [236, 237, 238, 239, 240, 242], "summary": {"covered_lines": 6, "num_statements": 6, "percent_covered": 100.0, "percent_covered_display": "100", "missing_lines": 0, "excluded_lines": 0, "percent_statements_covered": 100.0, "percent_statements_covered_display": "100"}, "missing_lines": [], "excluded_lines": [], "start_line": 223}, "VectorError": {"executed_lines": [263], "summary": {"covered_lines": 1, "num_statements": 1, "percent_covered": 100.0, "percent_covered_display": "100", "missing_lines": 0, "excluded_lines": 0, "percent_statements_covered": 100.0, "percent_statements_covered_display": "100"}, "missing_lines": [], "excluded_lines": [], "start_line": 253}, "EmbeddingError": {"executed_lines": [278, 279], "summary": {"covered_lines": 2, "num_statements": 2, "percent_covered": 100.0, "percent_covered_display": "100", "missing_lines": 0, "excluded_lines": 0, "percent_statements_covered": 100.0, "percent_statements_covered_display": "100"}, "missing_lines": [], "excluded_lines": [], "start_line": 266}, "DimensionMismatchError": {"executed_lines": [299], "summary": {"covered_lines": 1, "num_statements": 1, "percent_covered": 100.0, "percent_covered_display": "100", "missing_lines": 0, "excluded_lines": 0, "percent_statements_covered": 100.0, "percent_statements_covered_display": "100"}, "missing_lines": [], "excluded_lines": [], "start_line": 287}, "ValidationError": {"executed_lines": [], "summary": {"covered_lines": 0, "num_statements": 1, "percent_covered": 0.0, "percent_covered_display": "0", "missing_lines": 1, "excluded_lines": 0, "percent_statements_covered": 0.0, "percent_statements_covered_display": "0"}, "missing_lines": [320], "excluded_lines": [], "start_line": 310}, "ParameterValidationError": {"executed_lines": [], "summary": {"covered_lines": 0, "num_statements": 1, "percent_covered": 0.0, "percent_covered_display": "0", "missing_lines": 1, "excluded_lines": 0, "percent_statements_covered": 0.0, "percent_statements_covered_display": "0"}, "missing_lines": [336], "excluded_lines": [], "start_line": 323}, "SearchError": {"executed_lines": [], "summary": {"covered_lines": 0, "num_statements": 1, "percent_covered": 0.0, "percent_covered_display": "0", "missing_lines": 1, "excluded_lines": 0, "percent_statements_covered": 0.0, "percent_statements_covered_display": "0"}, "missing_lines": [357], "excluded_lines": [], "start_line": 347}, "QueryValidationError": {"executed_lines": [], "summary": {"covered_lines": 0, "num_statements": 1, "percent_covered": 0.0, "percent_covered_display": "0", "missing_lines": 1, "excluded_lines": 0, "percent_statements_covered": 0.0, "percent_statements_covered_display": "0"}, "missing_lines": [369], "excluded_lines": [], "start_line": 360}, "MCPError": {"executed_lines": [390], "summary": {"covered_lines": 1, "num_statements": 1, "percent_covered": 100.0, "percent_covered_display": "100", "missing_lines": 0, "excluded_lines": 0, "percent_statements_covered": 100.0, "percent_statements_covered_display": "100"}, "missing_lines": [], "excluded_lines": [], "start_line": 380}, "MCPConnectionError": {"executed_lines": [402, 403], "summary": {"covered_lines": 2, "num_statements": 2, "percent_covered": 100.0, "percent_covered_display": "100", "missing_lines": 0, "excluded_lines": 0, "percent_statements_covered": 100.0, "percent_statements_covered_display": "100"}, "missing_lines": [], "excluded_lines": [], "start_line": 393}, "MCPTimeoutError": {"executed_lines": [420, 421], "summary": {"covered_lines": 2, "num_statements": 2, "percent_covered": 100.0, "percent_covered_display": "100", "missing_lines": 0, "excluded_lines": 0, "percent_statements_covered": 100.0, "percent_statements_covered_display": "100"}, "missing_lines": [], "excluded_lines": [], "start_line": 411}, "": {"executed_lines": [6, 7, 10, 14, 15, 16, 19, 20, 21, 22, 23, 24, 27, 28, 29, 32, 33, 34, 37, 38, 39, 42, 43, 44, 45, 48, 54, 82, 94, 101, 104, 114, 120, 145, 151, 168, 171, 181, 187, 202, 208, 223, 229, 253, 256, 266, 272, 287, 293, 310, 313, 323, 329, 347, 350, 360, 363, 380, 383, 393, 396, 411, 414], "summary": {"covered_lines": 63, "num_statements": 63, "percent_covered": 100.0, "percent_covered_display": "100", "missing_lines": 0, "excluded_lines": 0, "percent_statements_covered": 100.0, "percent_statements_covered_display": "100"}, "missing_lines": [], "excluded_lines": [], "start_line": 1}}}, "faiss_server_optimized.py": {"executed_lines": [14, 15, 16, 17, 18, 19, 20, 21, 22, 23, 25, 26, 27, 28, 29, 31, 32, 41, 42, 48, 51, 55, 60, 61, 62, 66, 67, 68, 69, 70, 71, 72, 73, 74, 75, 76, 79, 80, 81, 83, 85, 87, 88, 89, 90, 91, 92, 93, 94, 97, 101, 103, 105, 115, 116, 117, 119, 120, 121, 122, 123, 124, 127, 128, 133, 134, 135, 136, 138, 139, 145, 147, 148, 149, 170, 172, 173, 174, 175, 176, 177, 178, 181, 184, 227, 249, 303, 342, 397, 588, 639, 669, 703, 722, 723, 724, 725, 726, 727, 729, 732, 733, 734, 735, 738, 739, 744, 747, 748, 749, 752, 754, 755, 756, 757, 758, 761, 762, 763, 773, 774, 775, 784, 785, 786, 789, 790, 791, 792, 793, 794, 795, 798, 799, 808, 809, 812, 813, 814, 815, 816, 818, 821, 822, 823, 825, 827, 839, 886, 888, 890, 893, 901, 902, 903, 911, 940, 981, 1008, 1057, 1060, 1068, 1092, 1111, 1122, 1136, 1137, 1139, 1140, 1158, 1166, 1175, 1176, 1177, 1178, 1179, 1181, 1182, 1183, 1188, 1189, 1190, 1191, 1192, 1194, 1195, 1197, 1198, 1199, 1202, 1204, 1205, 1208, 1210, 1211, 1218, 1220, 1221, 1222, 1223, 1226, 1228, 1229, 1230, 1231, 1234, 1236, 1237, 1238, 1241, 1243, 1244, 1251, 1359, 1523, 1601, 1602, 1603, 1632, 1633, 1635, 1636, 1637, 1661, 1662, 1667, 1668, 1700, 1701, 1710, 1711, 1712, 1736, 1737, 1742, 1743, 1775, 1776, 1797, 1798, 1818], "summary": {"covered_lines": 241, "num_statements": 817, "percent_covered": 29.498164014687884, "percent_covered_display": "29", "missing_lines": 576, "excluded_lines": 0, "percent_statements_covered": 29.498164014687884, "percent_statements_covered_display": "29"}, "missing_lines": [56, 57, 106, 107, 108, 109, 110, 111, 113, 130, 141, 142, 143, 150, 151, 152, 153, 155, 156, 157, 158, 159, 161, 162, 163, 164, 165, 167, 168, 182, 186, 188, 189, 192, 205, 206, 209, 218, 219, 221, 222, 223, 225, 229, 230, 231, 232, 235, 236, 239, 240, 242, 243, 244, 245, 247, 251, 252, 254, 255, 257, 258, 267, 268, 270, 272, 274, 275, 277, 278, 280, 283, 286, 289, 290, 291, 292, 293, 295, 296, 297, 299, 300, 301, 317, 318, 319, 320, 323, 324, 325, 328, 329, 332, 333, 336, 338, 339, 340, 345, 353, 355, 356, 357, 359, 362, 363, 366, 367, 368, 370, 371, 373, 374, 375, 378, 379, 382, 383, 392, 394, 395, 408, 410, 411, 415, 418, 419, 423, 426, 427, 428, 429, 439, 443, 444, 445, 446, 447, 449, 450, 452, 463, 464, 469, 470, 471, 472, 473, 474, 475, 476, 478, 480, 490, 494, 495, 497, 499, 502, 503, 504, 505, 506, 507, 508, 510, 512, 513, 514, 517, 519, 520, 521, 524, 525, 529, 530, 531, 534, 537, 538, 539, 540, 543, 544, 545, 548, 551, 556, 557, 558, 569, 570, 578, 580, 581, 583, 584, 586, 590, 591, 594, 595, 596, 599, 607, 608, 609, 610, 611, 614, 615, 618, 619, 620, 621, 622, 623, 627, 629, 637, 641, 642, 645, 646, 647, 650, 652, 653, 654, 655, 657, 666, 667, 671, 672, 673, 674, 675, 676, 677, 679, 680, 681, 684, 687, 688, 689, 690, 691, 692, 693, 695, 696, 697, 699, 700, 701, 765, 766, 771, 835, 836, 837, 841, 842, 843, 844, 845, 848, 849, 852, 853, 856, 859, 866, 867, 870, 871, 873, 874, 876, 877, 879, 880, 881, 882, 883, 884, 894, 896, 897, 899, 904, 905, 906, 907, 908, 909, 913, 914, 924, 925, 926, 927, 928, 929, 930, 931, 932, 935, 936, 938, 942, 943, 944, 945, 946, 947, 950, 951, 952, 953, 954, 956, 958, 959, 960, 961, 962, 965, 966, 971, 973, 974, 975, 976, 977, 978, 979, 983, 984, 987, 988, 990, 991, 992, 993, 994, 995, 996, 998, 999, 1001, 1010, 1011, 1013, 1014, 1015, 1017, 1020, 1021, 1022, 1024, 1026, 1029, 1030, 1031, 1032, 1033, 1034, 1035, 1037, 1044, 1046, 1053, 1054, 1061, 1062, 1063, 1064, 1065, 1066, 1070, 1071, 1073, 1075, 1078, 1079, 1080, 1083, 1084, 1087, 1088, 1089, 1090, 1094, 1095, 1097, 1098, 1101, 1102, 1103, 1104, 1105, 1106, 1107, 1109, 1113, 1114, 1115, 1116, 1117, 1118, 1119, 1120, 1124, 1125, 1143, 1145, 1146, 1147, 1148, 1149, 1152, 1153, 1154, 1155, 1184, 1185, 1186, 1253, 1363, 1364, 1373, 1375, 1377, 1379, 1381, 1382, 1384, 1385, 1387, 1388, 1399, 1401, 1408, 1415, 1417, 1418, 1419, 1421, 1422, 1424, 1426, 1427, 1437, 1439, 1440, 1442, 1448, 1455, 1457, 1458, 1459, 1461, 1462, 1464, 1466, 1467, 1477, 1479, 1480, 1482, 1488, 1495, 1497, 1499, 1507, 1509, 1510, 1511, 1525, 1526, 1527, 1530, 1531, 1541, 1544, 1545, 1546, 1549, 1552, 1553, 1554, 1556, 1557, 1566, 1567, 1570, 1571, 1573, 1576, 1585, 1586, 1587, 1617, 1619, 1622, 1623, 1625, 1640, 1643, 1645, 1646, 1649, 1652, 1653, 1655, 1663, 1664, 1665, 1670, 1671, 1672, 1675, 1678, 1680, 1681, 1683, 1685, 1686, 1688, 1694, 1695, 1696, 1697, 1698, 1715, 1718, 1724, 1727, 1728, 1730, 1738, 1739, 1740, 1745, 1746, 1747, 1750, 1752, 1753, 1755, 1758, 1760, 1769, 1770, 1771, 1772, 1773, 1778, 1779, 1780, 1782, 1784, 1785, 1791, 1793, 1794, 1795, 1800, 1801, 1819, 1820], "excluded_lines": [], "functions": {"FaissVectorDB.__init__": {"executed_lines": [68, 69, 70, 71, 72, 73, 74, 75, 76, 79, 80, 81, 83], "summary": {"covered_lines": 13, "num_statements": 13, "percent_covered": 100.0, "percent_covered_display": "100", "missing_lines": 0, "excluded_lines": 0, "percent_statements_covered": 100.0, "percent_statements_covered_display": "100"}, "missing_lines": [], "excluded_lines": [], "start_line": 67}, "FaissVectorDB._initialize": {"executed_lines": [87, 88, 89, 90, 91, 92, 93, 94, 97, 101, 103, 105, 115, 116, 117, 119, 120, 121, 122, 123, 124, 127, 128, 133, 134, 135, 136, 138, 139], "summary": {"covered_lines": 29, "num_statements": 40, "percent_covered": 72.5, "percent_covered_display": "72", "missing_lines": 11, "excluded_lines": 0, "percent_statements_covered": 72.5, "percent_statements_covered_display": "72"}, "missing_lines": [106, 107, 108, 109, 110, 111, 113, 130, 141, 142, 143], "excluded_lines": [], "start_line": 85}, "FaissVectorDB._create_index": {"executed_lines": [147, 148, 149], "summary": {"covered_lines": 3, "num_statements": 19, "percent_covered": 15.789473684210526, "percent_covered_display": "16", "missing_lines": 16, "excluded_lines": 0, "percent_statements_covered": 15.789473684210526, "percent_statements_covered_display": "16"}, "missing_lines": [150, 151, 152, 153, 155, 156, 157, 158, 159, 161, 162, 163, 164, 165, 167, 168], "excluded_lines": [], "start_line": 145}, "FaissVectorDB._create_or_load_index": {"executed_lines": [172, 173, 174, 175, 176, 177, 178, 181], "summary": {"covered_lines": 8, "num_statements": 9, "percent_covered": 88.88888888888889, "percent_covered_display": "89", "missing_lines": 1, "excluded_lines": 0, "percent_statements_covered": 88.88888888888889, "percent_statements_covered_display": "89"}, "missing_lines": [182], "excluded_lines": [], "start_line": 170}, "FaissVectorDB._initialize_ivf_index_if_needed": {"executed_lines": [], "summary": {"covered_lines": 0, "num_statements": 13, "percent_covered": 0.0, "percent_covered_display": "0", "missing_lines": 13, "excluded_lines": 0, "percent_statements_covered": 0.0, "percent_statements_covered_display": "0"}, "missing_lines": [186, 188, 189, 192, 205, 206, 209, 218, 219, 221, 222, 223, 225], "excluded_lines": [], "start_line": 184}, "FaissVectorDB._generate_chunks": {"executed_lines": [], "summary": {"covered_lines": 0, "num_statements": 13, "percent_covered": 0.0, "percent_covered_display": "0", "missing_lines": 13, "excluded_lines": 0, "percent_statements_covered": 0.0, "percent_statements_covered_display": "0"}, "missing_lines": [229, 230, 231, 232, 235, 236, 239, 240, 242, 243, 244, 245, 247], "excluded_lines": [], "start_line": 227}, "FaissVectorDB.add_texts": {"executed_lines": [], "summary": {"covered_lines": 0, "num_statements": 28, "percent_covered": 0.0, "percent_covered_display": "0", "missing_lines": 28, "excluded_lines": 0, "percent_statements_covered": 0.0, "percent_statements_covered_display": "0"}, "missing_lines": [251, 252, 254, 255, 257, 258, 267, 268, 270, 272, 274, 275, 277, 278, 280, 283, 286, 289, 290, 291, 292, 293, 295, 296, 297, 299, 300, 301], "excluded_lines": [], "start_line": 249}, "FaissVectorDB.search": {"executed_lines": [], "summary": {"covered_lines": 0, "num_statements": 15, "percent_covered": 0.0, "percent_covered_display": "0", "missing_lines": 15, "excluded_lines": 0, "percent_statements_covered": 0.0, "percent_statements_covered_display": "0"}, "missing_lines": [317, 318, 319, 320, 323, 324, 325, 328, 329, 332, 333, 336, 338, 339, 340], "excluded_lines": [], "start_line": 303}, "FaissVectorDB._traditional_search": {"executed_lines": [], "summary": {"covered_lines": 0, "num_statements": 23, "percent_covered": 0.0, "percent_covered_display": "0", "missing_lines": 23, "excluded_lines": 0, "percent_statements_covered": 0.0, "percent_statements_covered_display": "0"}, "missing_lines": [345, 353, 355, 356, 357, 359, 362, 363, 366, 367, 368, 370, 371, 373, 374, 375, 378, 379, 382, 383, 392, 394, 395], "excluded_lines": [], "start_line": 342}, "FaissVectorDB.enhanced_search": {"executed_lines": [], "summary": {"covered_lines": 0, "num_statements": 78, "percent_covered": 0.0, "percent_covered_display": "0", "missing_lines": 78, "excluded_lines": 0, "percent_statements_covered": 0.0, "percent_statements_covered_display": "0"}, "missing_lines": [408, 410, 411, 415, 418, 419, 423, 426, 427, 428, 429, 439, 443, 444, 445, 446, 447, 449, 450, 452, 463, 464, 469, 470, 471, 472, 473, 474, 475, 476, 478, 480, 490, 494, 495, 497, 499, 502, 503, 504, 505, 506, 507, 508, 510, 512, 513, 514, 517, 519, 520, 521, 524, 525, 529, 530, 531, 534, 537, 538, 539, 540, 543, 544, 545, 548, 551, 556, 557, 558, 569, 570, 578, 580, 581, 583, 584, 586], "excluded_lines": [], "start_line": 397}, "FaissVectorDB._execute_vector_search": {"executed_lines": [], "summary": {"covered_lines": 0, "num_statements": 22, "percent_covered": 0.0, "percent_covered_display": "0", "missing_lines": 22, "excluded_lines": 0, "percent_statements_covered": 0.0, "percent_statements_covered_display": "0"}, "missing_lines": [590, 591, 594, 595, 596, 599, 607, 608, 609, 610, 611, 614, 615, 618, 619, 620, 621, 622, 623, 627, 629, 637], "excluded_lines": [], "start_line": 588}, "FaissVectorDB._execute_exact_match_search": {"executed_lines": [], "summary": {"covered_lines": 0, "num_statements": 13, "percent_covered": 0.0, "percent_covered_display": "0", "missing_lines": 13, "excluded_lines": 0, "percent_statements_covered": 0.0, "percent_statements_covered_display": "0"}, "missing_lines": [641, 642, 645, 646, 647, 650, 652, 653, 654, 655, 657, 666, 667], "excluded_lines": [], "start_line": 639}, "FaissVectorDB.delete_texts": {"executed_lines": [], "summary": {"covered_lines": 0, "num_statements": 24, "percent_covered": 0.0, "percent_covered_display": "0", "missing_lines": 24, "excluded_lines": 0, "percent_statements_covered": 0.0, "percent_statements_covered_display": "0"}, "missing_lines": [671, 672, 673, 674, 675, 676, 677, 679, 680, 681, 684, 687, 688, 689, 690, 691, 692, 693, 695, 696, 697, 699, 700, 701], "excluded_lines": [], "start_line": 669}, "FaissVectorDB.update_texts": {"executed_lines": [722, 723, 724, 725, 726, 727, 729, 732, 733, 734, 735, 738, 739, 744, 747, 748, 749, 752, 754, 755, 756, 757, 758, 761, 762, 763, 773, 774, 775, 784, 785, 786, 789, 790, 791, 792, 793, 794, 795, 798, 799, 808, 809, 812, 813, 814, 815, 816, 818, 821, 822, 823, 825, 827], "summary": {"covered_lines": 54, "num_statements": 60, "percent_covered": 90.0, "percent_covered_display": "90", "missing_lines": 6, "excluded_lines": 0, "percent_statements_covered": 90.0, "percent_statements_covered_display": "90"}, "missing_lines": [765, 766, 771, 835, 836, 837], "excluded_lines": [], "start_line": 703}, "FaissVectorDB.save": {"executed_lines": [], "summary": {"covered_lines": 0, "num_statements": 25, "percent_covered": 0.0, "percent_covered_display": "0", "missing_lines": 25, "excluded_lines": 0, "percent_statements_covered": 0.0, "percent_statements_covered_display": "0"}, "missing_lines": [841, 842, 843, 844, 845, 848, 849, 852, 853, 856, 859, 866, 867, 870, 871, 873, 874, 876, 877, 879, 880, 881, 882, 883, 884], "excluded_lines": [], "start_line": 839}, "FaissVectorDB.load": {"executed_lines": [888, 890, 893, 901, 902, 903], "summary": {"covered_lines": 6, "num_statements": 16, "percent_covered": 37.5, "percent_covered_display": "38", "missing_lines": 10, "excluded_lines": 0, "percent_statements_covered": 37.5, "percent_statements_covered_display": "38"}, "missing_lines": [894, 896, 897, 899, 904, 905, 906, 907, 908, 909], "excluded_lines": [], "start_line": 886}, "FaissVectorDB.get_stats": {"executed_lines": [], "summary": {"covered_lines": 0, "num_statements": 14, "percent_covered": 0.0, "percent_covered_display": "0", "missing_lines": 14, "excluded_lines": 0, "percent_statements_covered": 0.0, "percent_statements_covered_display": "0"}, "missing_lines": [913, 914, 924, 925, 926, 927, 928, 929, 930, 931, 932, 935, 936, 938], "excluded_lines": [], "start_line": 911}, "FaissVectorDB.enable_search_optimization": {"executed_lines": [], "summary": {"covered_lines": 0, "num_statements": 27, "percent_covered": 0.0, "percent_covered_display": "0", "missing_lines": 27, "excluded_lines": 0, "percent_statements_covered": 0.0, "percent_statements_covered_display": "0"}, "missing_lines": [942, 943, 944, 945, 946, 947, 950, 951, 952, 953, 954, 956, 958, 959, 960, 961, 962, 965, 966, 971, 973, 974, 975, 976, 977, 978, 979], "excluded_lines": [], "start_line": 940}, "FaissVectorDB.get_search_recommendations": {"executed_lines": [], "summary": {"covered_lines": 0, "num_statements": 14, "percent_covered": 0.0, "percent_covered_display": "0", "missing_lines": 14, "excluded_lines": 0, "percent_statements_covered": 0.0, "percent_statements_covered_display": "0"}, "missing_lines": [983, 984, 987, 988, 990, 991, 992, 993, 994, 995, 996, 998, 999, 1001], "excluded_lines": [], "start_line": 981}, "FaissVectorDB.benchmark_search_quality": {"executed_lines": [], "summary": {"covered_lines": 0, "num_statements": 17, "percent_covered": 0.0, "percent_covered_display": "0", "missing_lines": 17, "excluded_lines": 0, "percent_statements_covered": 0.0, "percent_statements_covered_display": "0"}, "missing_lines": [1010, 1011, 1013, 1014, 1015, 1017, 1020, 1021, 1022, 1024, 1026, 1029, 1037, 1044, 1046, 1053, 1054], "excluded_lines": [], "start_line": 1008}, "FaissVectorDB.benchmark_search_quality.safe_float": {"executed_lines": [], "summary": {"covered_lines": 0, "num_statements": 6, "percent_covered": 0.0, "percent_covered_display": "0", "missing_lines": 6, "excluded_lines": 0, "percent_statements_covered": 0.0, "percent_statements_covered_display": "0"}, "missing_lines": [1030, 1031, 1032, 1033, 1034, 1035], "excluded_lines": [], "start_line": 1029}, "VectorDBManager.__init__": {"executed_lines": [], "summary": {"covered_lines": 0, "num_statements": 6, "percent_covered": 0.0, "percent_covered_display": "0", "missing_lines": 6, "excluded_lines": 0, "percent_statements_covered": 0.0, "percent_statements_covered_display": "0"}, "missing_lines": [1061, 1062, 1063, 1064, 1065, 1066], "excluded_lines": [], "start_line": 1060}, "VectorDBManager.get_instance": {"executed_lines": [], "summary": {"covered_lines": 0, "num_statements": 13, "percent_covered": 0.0, "percent_covered_display": "0", "missing_lines": 13, "excluded_lines": 0, "percent_statements_covered": 0.0, "percent_statements_covered_display": "0"}, "missing_lines": [1070, 1071, 1073, 1075, 1078, 1079, 1080, 1083, 1084, 1087, 1088, 1089, 1090], "excluded_lines": [], "start_line": 1068}, "VectorDBManager._evict_lru": {"executed_lines": [], "summary": {"covered_lines": 0, "num_statements": 12, "percent_covered": 0.0, "percent_covered_display": "0", "missing_lines": 12, "excluded_lines": 0, "percent_statements_covered": 0.0, "percent_statements_covered_display": "0"}, "missing_lines": [1094, 1095, 1097, 1098, 1101, 1102, 1103, 1104, 1105, 1106, 1107, 1109], "excluded_lines": [], "start_line": 1092}, "VectorDBManager.save_all": {"executed_lines": [], "summary": {"covered_lines": 0, "num_statements": 8, "percent_covered": 0.0, "percent_covered_display": "0", "missing_lines": 8, "excluded_lines": 0, "percent_statements_covered": 0.0, "percent_statements_covered_display": "0"}, "missing_lines": [1113, 1114, 1115, 1116, 1117, 1118, 1119, 1120], "excluded_lines": [], "start_line": 1111}, "VectorDBManager.get_stats": {"executed_lines": [], "summary": {"covered_lines": 0, "num_statements": 2, "percent_covered": 0.0, "percent_covered_display": "0", "missing_lines": 2, "excluded_lines": 0, "percent_statements_covered": 0.0, "percent_statements_covered_display": "0"}, "missing_lines": [1124, 1125], "excluded_lines": [], "start_line": 1122}, "lifespan": {"executed_lines": [], "summary": {"covered_lines": 0, "num_statements": 10, "percent_covered": 0.0, "percent_covered_display": "0", "missing_lines": 10, "excluded_lines": 0, "percent_statements_covered": 0.0, "percent_statements_covered_display": "0"}, "missing_lines": [1143, 1145, 1146, 1147, 1148, 1149, 1152, 1153, 1154, 1155], "excluded_lines": [], "start_line": 1140}, "Document.validate_overlap": {"executed_lines": [], "summary": {"covered_lines": 0, "num_statements": 3, "percent_covered": 0.0, "percent_covered_display": "0", "missing_lines": 3, "excluded_lines": 0, "percent_statements_covered": 0.0, "percent_statements_covered_display": "0"}, "missing_lines": [1184, 1185, 1186], "excluded_lines": [], "start_line": 1183}, "get_mcp_tools": {"executed_lines": [], "summary": {"covered_lines": 0, "num_statements": 1, "percent_covered": 0.0, "percent_covered_display": "0", "missing_lines": 1, "excluded_lines": 0, "percent_statements_covered": 0.0, "percent_statements_covered_display": "0"}, "missing_lines": [1253], "excluded_lines": [], "start_line": 1251}, "execute_mcp_tool": {"executed_lines": [], "summary": {"covered_lines": 0, "num_statements": 50, "percent_covered": 0.0, "percent_covered_display": "0", "missing_lines": 50, "excluded_lines": 0, "percent_statements_covered": 0.0, "percent_statements_covered_display": "0"}, "missing_lines": [1363, 1364, 1373, 1375, 1377, 1379, 1381, 1382, 1384, 1385, 1387, 1388, 1399, 1401, 1408, 1415, 1417, 1418, 1419, 1421, 1422, 1424, 1426, 1427, 1437, 1439, 1440, 1442, 1448, 1455, 1457, 1458, 1459, 1461, 1462, 1464, 1466, 1467, 1477, 1479, 1480, 1482, 1488, 1495, 1497, 1499, 1507, 1509, 1510, 1511], "excluded_lines": [], "start_line": 1359}, "handle_jsonrpc_request": {"executed_lines": [], "summary": {"covered_lines": 0, "num_statements": 24, "percent_covered": 0.0, "percent_covered_display": "0", "missing_lines": 24, "excluded_lines": 0, "percent_statements_covered": 0.0, "percent_statements_covered_display": "0"}, "missing_lines": [1525, 1526, 1527, 1530, 1531, 1541, 1544, 1545, 1546, 1549, 1552, 1553, 1554, 1556, 1557, 1566, 1567, 1570, 1571, 1573, 1576, 1585, 1586, 1587], "excluded_lines": [], "start_line": 1523}, "mcp_jsonrpc_endpoint": {"executed_lines": [], "summary": {"covered_lines": 0, "num_statements": 5, "percent_covered": 0.0, "percent_covered_display": "0", "missing_lines": 5, "excluded_lines": 0, "percent_statements_covered": 0.0, "percent_statements_covered_display": "0"}, "missing_lines": [1617, 1619, 1622, 1623, 1625], "excluded_lines": [], "start_line": 1603}, "add_document": {"executed_lines": [1635, 1636, 1637, 1661, 1662], "summary": {"covered_lines": 5, "num_statements": 16, "percent_covered": 31.25, "percent_covered_display": "31", "missing_lines": 11, "excluded_lines": 0, "percent_statements_covered": 31.25, "percent_statements_covered_display": "31"}, "missing_lines": [1640, 1643, 1645, 1646, 1649, 1652, 1653, 1655, 1663, 1664, 1665], "excluded_lines": [], "start_line": 1633}, "delete_document": {"executed_lines": [], "summary": {"covered_lines": 0, "num_statements": 16, "percent_covered": 0.0, "percent_covered_display": "0", "missing_lines": 16, "excluded_lines": 0, "percent_statements_covered": 0.0, "percent_statements_covered_display": "0"}, "missing_lines": [1670, 1671, 1672, 1675, 1678, 1680, 1681, 1683, 1685, 1686, 1688, 1694, 1695, 1696, 1697, 1698], "excluded_lines": [], "start_line": 1668}, "update_documents": {"executed_lines": [1710, 1711, 1712, 1736, 1737], "summary": {"covered_lines": 5, "num_statements": 14, "percent_covered": 35.714285714285715, "percent_covered_display": "36", "missing_lines": 9, "excluded_lines": 0, "percent_statements_covered": 35.714285714285715, "percent_statements_covered_display": "36"}, "missing_lines": [1715, 1718, 1724, 1727, 1728, 1730, 1738, 1739, 1740], "excluded_lines": [], "start_line": 1701}, "search_knowledge": {"executed_lines": [], "summary": {"covered_lines": 0, "num_statements": 14, "percent_covered": 0.0, "percent_covered_display": "0", "missing_lines": 14, "excluded_lines": 0, "percent_statements_covered": 0.0, "percent_statements_covered_display": "0"}, "missing_lines": [1745, 1746, 1747, 1750, 1752, 1753, 1755, 1758, 1760, 1769, 1770, 1771, 1772, 1773], "excluded_lines": [], "start_line": 1743}, "get_stats": {"executed_lines": [], "summary": {"covered_lines": 0, "num_statements": 10, "percent_covered": 0.0, "percent_covered_display": "0", "missing_lines": 10, "excluded_lines": 0, "percent_statements_covered": 0.0, "percent_statements_covered_display": "0"}, "missing_lines": [1778, 1779, 1780, 1782, 1784, 1785, 1791, 1793, 1794, 1795], "excluded_lines": [], "start_line": 1776}, "health_check": {"executed_lines": [], "summary": {"covered_lines": 0, "num_statements": 2, "percent_covered": 0.0, "percent_covered_display": "0", "missing_lines": 2, "excluded_lines": 0, "percent_statements_covered": 0.0, "percent_statements_covered_display": "0"}, "missing_lines": [1800, 1801], "excluded_lines": [], "start_line": 1798}, "": {"executed_lines": [14, 15, 16, 17, 18, 19, 20, 21, 22, 23, 25, 26, 27, 28, 29, 31, 32, 41, 42, 48, 51, 55, 60, 61, 62, 66, 67, 85, 145, 170, 184, 227, 249, 303, 342, 397, 588, 639, 669, 703, 839, 886, 911, 940, 981, 1008, 1057, 1060, 1068, 1092, 1111, 1122, 1136, 1137, 1139, 1140, 1158, 1166, 1175, 1176, 1177, 1178, 1179, 1181, 1182, 1183, 1188, 1189, 1190, 1191, 1192, 1194, 1195, 1197, 1198, 1199, 1202, 1204, 1205, 1208, 1210, 1211, 1218, 1220, 1221, 1222, 1223, 1226, 1228, 1229, 1230, 1231, 1234, 1236, 1237, 1238, 1241, 1243, 1244, 1251, 1359, 1523, 1601, 1602, 1603, 1632, 1633, 1667, 1668, 1700, 1701, 1742, 1743, 1775, 1776, 1797, 1798, 1818], "summary": {"covered_lines": 118, "num_statements": 122, "percent_covered": 96.72131147540983, "percent_covered_display": "97", "missing_lines": 4, "excluded_lines": 0, "percent_statements_covered": 96.72131147540983, "percent_statements_covered_display": "97"}, "missing_lines": [56, 57, 1819, 1820], "excluded_lines": [], "start_line": 1}}, "classes": {"FaissVectorDB": {"executed_lines": [68, 69, 70, 71, 72, 73, 74, 75, 76, 79, 80, 81, 83, 87, 88, 89, 90, 91, 92, 93, 94, 97, 101, 103, 105, 115, 116, 117, 119, 120, 121, 122, 123, 124, 127, 128, 133, 134, 135, 136, 138, 139, 147, 148, 149, 172, 173, 174, 175, 176, 177, 178, 181, 722, 723, 724, 725, 726, 727, 729, 732, 733, 734, 735, 738, 739, 744, 747, 748, 749, 752, 754, 755, 756, 757, 758, 761, 762, 763, 773, 774, 775, 784, 785, 786, 789, 790, 791, 792, 793, 794, 795, 798, 799, 808, 809, 812, 813, 814, 815, 816, 818, 821, 822, 823, 825, 827, 888, 890, 893, 901, 902, 903], "summary": {"covered_lines": 113, "num_statements": 489, "percent_covered": 23.10838445807771, "percent_covered_display": "23", "missing_lines": 376, "excluded_lines": 0, "percent_statements_covered": 23.10838445807771, "percent_statements_covered_display": "23"}, "missing_lines": [106, 107, 108, 109, 110, 111, 113, 130, 141, 142, 143, 150, 151, 152, 153, 155, 156, 157, 158, 159, 161, 162, 163, 164, 165, 167, 168, 182, 186, 188, 189, 192, 205, 206, 209, 218, 219, 221, 222, 223, 225, 229, 230, 231, 232, 235, 236, 239, 240, 242, 243, 244, 245, 247, 251, 252, 254, 255, 257, 258, 267, 268, 270, 272, 274, 275, 277, 278, 280, 283, 286, 289, 290, 291, 292, 293, 295, 296, 297, 299, 300, 301, 317, 318, 319, 320, 323, 324, 325, 328, 329, 332, 333, 336, 338, 339, 340, 345, 353, 355, 356, 357, 359, 362, 363, 366, 367, 368, 370, 371, 373, 374, 375, 378, 379, 382, 383, 392, 394, 395, 408, 410, 411, 415, 418, 419, 423, 426, 427, 428, 429, 439, 443, 444, 445, 446, 447, 449, 450, 452, 463, 464, 469, 470, 471, 472, 473, 474, 475, 476, 478, 480, 490, 494, 495, 497, 499, 502, 503, 504, 505, 506, 507, 508, 510, 512, 513, 514, 517, 519, 520, 521, 524, 525, 529, 530, 531, 534, 537, 538, 539, 540, 543, 544, 545, 548, 551, 556, 557, 558, 569, 570, 578, 580, 581, 583, 584, 586, 590, 591, 594, 595, 596, 599, 607, 608, 609, 610, 611, 614, 615, 618, 619, 620, 621, 622, 623, 627, 629, 637, 641, 642, 645, 646, 647, 650, 652, 653, 654, 655, 657, 666, 667, 671, 672, 673, 674, 675, 676, 677, 679, 680, 681, 684, 687, 688, 689, 690, 691, 692, 693, 695, 696, 697, 699, 700, 701, 765, 766, 771, 835, 836, 837, 841, 842, 843, 844, 845, 848, 849, 852, 853, 856, 859, 866, 867, 870, 871, 873, 874, 876, 877, 879, 880, 881, 882, 883, 884, 894, 896, 897, 899, 904, 905, 906, 907, 908, 909, 913, 914, 924, 925, 926, 927, 928, 929, 930, 931, 932, 935, 936, 938, 942, 943, 944, 945, 946, 947, 950, 951, 952, 953, 954, 956, 958, 959, 960, 961, 962, 965, 966, 971, 973, 974, 975, 976, 977, 978, 979, 983, 984, 987, 988, 990, 991, 992, 993, 994, 995, 996, 998, 999, 1001, 1010, 1011, 1013, 1014, 1015, 1017, 1020, 1021, 1022, 1024, 1026, 1029, 1030, 1031, 1032, 1033, 1034, 1035, 1037, 1044, 1046, 1053, 1054], "excluded_lines": [], "start_line": 66}, "VectorDBManager": {"executed_lines": [], "summary": {"covered_lines": 0, "num_statements": 41, "percent_covered": 0.0, "percent_covered_display": "0", "missing_lines": 41, "excluded_lines": 0, "percent_statements_covered": 0.0, "percent_statements_covered_display": "0"}, "missing_lines": [1061, 1062, 1063, 1064, 1065, 1066, 1070, 1071, 1073, 1075, 1078, 1079, 1080, 1083, 1084, 1087, 1088, 1089, 1090, 1094, 1095, 1097, 1098, 1101, 1102, 1103, 1104, 1105, 1106, 1107, 1109, 1113, 1114, 1115, 1116, 1117, 1118, 1119, 1120, 1124, 1125], "excluded_lines": [], "start_line": 1057}, "Document": {"executed_lines": [], "summary": {"covered_lines": 0, "num_statements": 3, "percent_covered": 0.0, "percent_covered_display": "0", "missing_lines": 3, "excluded_lines": 0, "percent_statements_covered": 0.0, "percent_statements_covered_display": "0"}, "missing_lines": [1184, 1185, 1186], "excluded_lines": [], "start_line": 1175}, "Query": {"executed_lines": [], "summary": {"covered_lines": 0, "num_statements": 0, "percent_covered": 100.0, "percent_covered_display": "100", "missing_lines": 0, "excluded_lines": 0, "percent_statements_covered": 100.0, "percent_statements_covered_display": "100"}, "missing_lines": [], "excluded_lines": [], "start_line": 1188}, "BenchmarkQueries": {"executed_lines": [], "summary": {"covered_lines": 0, "num_statements": 0, "percent_covered": 100.0, "percent_covered_display": "100", "missing_lines": 0, "excluded_lines": 0, "percent_statements_covered": 100.0, "percent_statements_covered_display": "100"}, "missing_lines": [], "excluded_lines": [], "start_line": 1194}, "BatchTexts": {"executed_lines": [], "summary": {"covered_lines": 0, "num_statements": 0, "percent_covered": 100.0, "percent_covered_display": "100", "missing_lines": 0, "excluded_lines": 0, "percent_statements_covered": 100.0, "percent_statements_covered_display": "100"}, "missing_lines": [], "excluded_lines": [], "start_line": 1197}, "TextUpdate": {"executed_lines": [], "summary": {"covered_lines": 0, "num_statements": 0, "percent_covered": 100.0, "percent_covered_display": "100", "missing_lines": 0, "excluded_lines": 0, "percent_statements_covered": 100.0, "percent_statements_covered_display": "100"}, "missing_lines": [], "excluded_lines": [], "start_line": 1202}, "UpdateRequest": {"executed_lines": [], "summary": {"covered_lines": 0, "num_statements": 0, "percent_covered": 100.0, "percent_covered_display": "100", "missing_lines": 0, "excluded_lines": 0, "percent_statements_covered": 100.0, "percent_statements_covered_display": "100"}, "missing_lines": [], "excluded_lines": [], "start_line": 1208}, "JSONRPCRequest": {"executed_lines": [], "summary": {"covered_lines": 0, "num_statements": 0, "percent_covered": 100.0, "percent_covered_display": "100", "missing_lines": 0, "excluded_lines": 0, "percent_statements_covered": 100.0, "percent_statements_covered_display": "100"}, "missing_lines": [], "excluded_lines": [], "start_line": 1218}, "JSONRPCResponse": {"executed_lines": [], "summary": {"covered_lines": 0, "num_statements": 0, "percent_covered": 100.0, "percent_covered_display": "100", "missing_lines": 0, "excluded_lines": 0, "percent_statements_covered": 100.0, "percent_statements_covered_display": "100"}, "missing_lines": [], "excluded_lines": [], "start_line": 1226}, "MCPTool": {"executed_lines": [], "summary": {"covered_lines": 0, "num_statements": 0, "percent_covered": 100.0, "percent_covered_display": "100", "missing_lines": 0, "excluded_lines": 0, "percent_statements_covered": 100.0, "percent_statements_covered_display": "100"}, "missing_lines": [], "excluded_lines": [], "start_line": 1234}, "MCPContent": {"executed_lines": [], "summary": {"covered_lines": 0, "num_statements": 0, "percent_covered": 100.0, "percent_covered_display": "100", "missing_lines": 0, "excluded_lines": 0, "percent_statements_covered": 100.0, "percent_statements_covered_display": "100"}, "missing_lines": [], "excluded_lines": [], "start_line": 1241}, "": {"executed_lines": [14, 15, 16, 17, 18, 19, 20, 21, 22, 23, 25, 26, 27, 28, 29, 31, 32, 41, 42, 48, 51, 55, 60, 61, 62, 66, 67, 85, 145, 170, 184, 227, 249, 303, 342, 397, 588, 639, 669, 703, 839, 886, 911, 940, 981, 1008, 1057, 1060, 1068, 1092, 1111, 1122, 1136, 1137, 1139, 1140, 1158, 1166, 1175, 1176, 1177, 1178, 1179, 1181, 1182, 1183, 1188, 1189, 1190, 1191, 1192, 1194, 1195, 1197, 1198, 1199, 1202, 1204, 1205, 1208, 1210, 1211, 1218, 1220, 1221, 1222, 1223, 1226, 1228, 1229, 1230, 1231, 1234, 1236, 1237, 1238, 1241, 1243, 1244, 1251, 1359, 1523, 1601, 1602, 1603, 1632, 1633, 1635, 1636, 1637, 1661, 1662, 1667, 1668, 1700, 1701, 1710, 1711, 1712, 1736, 1737, 1742, 1743, 1775, 1776, 1797, 1798, 1818], "summary": {"covered_lines": 128, "num_statements": 284, "percent_covered": 45.070422535211264, "percent_covered_display": "45", "missing_lines": 156, "excluded_lines": 0, "percent_statements_covered": 45.070422535211264, "percent_statements_covered_display": "45"}, "missing_lines": [56, 57, 1143, 1145, 1146, 1147, 1148, 1149, 1152, 1153, 1154, 1155, 1253, 1363, 1364, 1373, 1375, 1377, 1379, 1381, 1382, 1384, 1385, 1387, 1388, 1399, 1401, 1408, 1415, 1417, 1418, 1419, 1421, 1422, 1424, 1426, 1427, 1437, 1439, 1440, 1442, 1448, 1455, 1457, 1458, 1459, 1461, 1462, 1464, 1466, 1467, 1477, 1479, 1480, 1482, 1488, 1495, 1497, 1499, 1507, 1509, 1510, 1511, 1525, 1526, 1527, 1530, 1531, 1541, 1544, 1545, 1546, 1549, 1552, 1553, 1554, 1556, 1557, 1566, 1567, 1570, 1571, 1573, 1576, 1585, 1586, 1587, 1617, 1619, 1622, 1623, 1625, 1640, 1643, 1645, 1646, 1649, 1652, 1653, 1655, 1663, 1664, 1665, 1670, 1671, 1672, 1675, 1678, 1680, 1681, 1683, 1685, 1686, 1688, 1694, 1695, 1696, 1697, 1698, 1715, 1718, 1724, 1727, 1728, 1730, 1738, 1739, 1740, 1745, 1746, 1747, 1750, 1752, 1753, 1755, 1758, 1760, 1769, 1770, 1771, 1772, 1773, 1778, 1779, 1780, 1782, 1784, 1785, 1791, 1793, 1794, 1795, 1800, 1801, 1819, 1820], "excluded_lines": [], "start_line": 1}}}, "logger.py": {"executed_lines": [6, 7, 8, 9, 10, 11, 14, 17, 18, 19, 20, 21, 24, 31, 38, 40, 47, 48, 51, 52, 56, 58, 68, 71, 75, 78, 109, 112, 113, 116, 119, 122, 125, 126, 127, 128, 129, 132, 134, 135, 138, 144, 146, 147, 148, 151, 153, 156, 172, 175, 176, 177, 178, 179, 181, 184, 195, 202, 203, 204, 206, 212, 213, 214, 215, 217, 219, 220, 224, 235, 257, 271], "summary": {"covered_lines": 72, "num_statements": 76, "percent_covered": 94.73684210526316, "percent_covered_display": "95", "missing_lines": 4, "excluded_lines": 0, "percent_statements_covered": 94.73684210526316, "percent_statements_covered_display": "95"}, "missing_lines": [54, 72, 73, 280], "excluded_lines": [], "functions": {"LogFormatter.__init__": {"executed_lines": [47, 48, 51, 52, 56], "summary": {"covered_lines": 5, "num_statements": 6, "percent_covered": 83.33333333333333, "percent_covered_display": "83", "missing_lines": 1, "excluded_lines": 0, "percent_statements_covered": 83.33333333333333, "percent_statements_covered_display": "83"}, "missing_lines": [54], "excluded_lines": [], "start_line": 40}, "LogFormatter.format": {"executed_lines": [68, 71, 75], "summary": {"covered_lines": 3, "num_statements": 5, "percent_covered": 60.0, "percent_covered_display": "60", "missing_lines": 2, "excluded_lines": 0, "percent_statements_covered": 60.0, "percent_statements_covered_display": "60"}, "missing_lines": [72, 73], "excluded_lines": [], "start_line": 58}, "setup_logger": {"executed_lines": [109, 112, 113, 116, 119, 122, 125, 126, 127, 128, 129, 132, 134, 135, 138, 144, 146, 147, 148, 151, 153], "summary": {"covered_lines": 21, "num_statements": 21, "percent_covered": 100.0, "percent_covered_display": "100", "missing_lines": 0, "excluded_lines": 0, "percent_statements_covered": 100.0, "percent_statements_covered_display": "100"}, "missing_lines": [], "excluded_lines": [], "start_line": 78}, "get_logger": {"executed_lines": [172, 175, 176, 177, 178, 179, 181], "summary": {"covered_lines": 7, "num_statements": 7, "percent_covered": 100.0, "percent_covered_display": "100", "missing_lines": 0, "excluded_lines": 0, "percent_statements_covered": 100.0, "percent_statements_covered_display": "100"}, "missing_lines": [], "excluded_lines": [], "start_line": 156}, "LoggerContext.__init__": {"executed_lines": [202, 203, 204], "summary": {"covered_lines": 3, "num_statements": 3, "percent_covered": 100.0, "percent_covered_display": "100", "missing_lines": 0, "excluded_lines": 0, "percent_statements_covered": 100.0, "percent_statements_covered_display": "100"}, "missing_lines": [], "excluded_lines": [], "start_line": 195}, "LoggerContext.__enter__": {"executed_lines": [212, 213, 214, 215], "summary": {"covered_lines": 4, "num_statements": 4, "percent_covered": 100.0, "percent_covered_display": "100", "missing_lines": 0, "excluded_lines": 0, "percent_statements_covered": 100.0, "percent_statements_covered_display": "100"}, "missing_lines": [], "excluded_lines": [], "start_line": 206}, "LoggerContext.__exit__": {"executed_lines": [219, 220], "summary": {"covered_lines": 2, "num_statements": 2, "percent_covered": 100.0, "percent_covered_display": "100", "missing_lines": 0, "excluded_lines": 0, "percent_statements_covered": 100.0, "percent_statements_covered_display": "100"}, "missing_lines": [], "excluded_lines": [], "start_line": 217}, "configure_global_logging": {"executed_lines": [257], "summary": {"covered_lines": 1, "num_statements": 1, "percent_covered": 100.0, "percent_covered_display": "100", "missing_lines": 0, "excluded_lines": 0, "percent_statements_covered": 100.0, "percent_statements_covered_display": "100"}, "missing_lines": [], "excluded_lines": [], "start_line": 235}, "create_logger": {"executed_lines": [], "summary": {"covered_lines": 0, "num_statements": 1, "percent_covered": 0.0, "percent_covered_display": "0", "missing_lines": 1, "excluded_lines": 0, "percent_statements_covered": 0.0, "percent_statements_covered_display": "0"}, "missing_lines": [280], "excluded_lines": [], "start_line": 271}, "": {"executed_lines": [6, 7, 8, 9, 10, 11, 14, 17, 18, 19, 20, 21, 24, 31, 38, 40, 58, 78, 156, 184, 195, 206, 217, 224, 235, 271], "summary": {"covered_lines": 26, "num_statements": 26, "percent_covered": 100.0, "percent_covered_display": "100", "missing_lines": 0, "excluded_lines": 0, "percent_statements_covered": 100.0, "percent_statements_covered_display": "100"}, "missing_lines": [], "excluded_lines": [], "start_line": 1}}, "classes": {"LogLevel": {"executed_lines": [], "summary": {"covered_lines": 0, "num_statements": 0, "percent_covered": 100.0, "percent_covered_display": "100", "missing_lines": 0, "excluded_lines": 0, "percent_statements_covered": 100.0, "percent_statements_covered_display": "100"}, "missing_lines": [], "excluded_lines": [], "start_line": 14}, "LogFormatter": {"executed_lines": [47, 48, 51, 52, 56, 68, 71, 75], "summary": {"covered_lines": 8, "num_statements": 11, "percent_covered": 72.72727272727273, "percent_covered_display": "73", "missing_lines": 3, "excluded_lines": 0, "percent_statements_covered": 72.72727272727273, "percent_statements_covered_display": "73"}, "missing_lines": [54, 72, 73], "excluded_lines": [], "start_line": 24}, "LoggerContext": {"executed_lines": [202, 203, 204, 212, 213, 214, 215, 219, 220], "summary": {"covered_lines": 9, "num_statements": 9, "percent_covered": 100.0, "percent_covered_display": "100", "missing_lines": 0, "excluded_lines": 0, "percent_statements_covered": 100.0, "percent_statements_covered_display": "100"}, "missing_lines": [], "excluded_lines": [], "start_line": 184}, "": {"executed_lines": [6, 7, 8, 9, 10, 11, 14, 17, 18, 19, 20, 21, 24, 31, 38, 40, 58, 78, 109, 112, 113, 116, 119, 122, 125, 126, 127, 128, 129, 132, 134, 135, 138, 144, 146, 147, 148, 151, 153, 156, 172, 175, 176, 177, 178, 179, 181, 184, 195, 206, 217, 224, 235, 257, 271], "summary": {"covered_lines": 55, "num_statements": 56, "percent_covered": 98.21428571428571, "percent_covered_display": "98", "missing_lines": 1, "excluded_lines": 0, "percent_statements_covered": 98.21428571428571, "percent_statements_covered_display": "98"}, "missing_lines": [280], "excluded_lines": [], "start_line": 1}}}, "mcp_client.py": {"executed_lines": [], "summary": {"covered_lines": 0, "num_statements": 212, "percent_covered": 0.0, "percent_covered_display": "0", "missing_lines": 212, "excluded_lines": 0, "percent_statements_covered": 0.0, "percent_statements_covered_display": "0"}, "missing_lines": [14, 15, 16, 17, 19, 21, 22, 25, 26, 27, 28, 29, 30, 33, 36, 39, 51, 52, 53, 54, 55, 56, 61, 63, 70, 71, 72, 75, 89, 90, 92, 93, 94, 97, 100, 103, 105, 106, 107, 109, 110, 111, 113, 120, 121, 122, 124, 125, 126, 129, 143, 144, 146, 147, 148, 151, 154, 157, 159, 160, 161, 163, 164, 165, 167, 169, 171, 172, 173, 174, 175, 178, 179, 180, 181, 182, 183, 184, 185, 186, 187, 188, 189, 190, 192, 193, 195, 197, 198, 203, 204, 206, 207, 209, 210, 212, 214, 215, 220, 221, 223, 224, 226, 237, 238, 239, 244, 245, 258, 259, 261, 262, 264, 269, 270, 271, 276, 287, 288, 293, 294, 295, 300, 301, 314, 315, 317, 318, 320, 325, 326, 327, 332, 334, 335, 338, 339, 340, 341, 342, 343, 344, 345, 346, 347, 350, 351, 352, 353, 354, 355, 357, 362, 363, 364, 369, 376, 377, 378, 383, 384, 390, 391, 393, 394, 396, 401, 402, 403, 408, 410, 412, 413, 415, 416, 417, 418, 420, 421, 422, 423, 424, 425, 426, 428, 430, 431, 432, 433, 434, 435, 437, 438, 439, 442, 456, 457, 459, 463, 475, 476, 477, 478, 480, 483, 495, 496, 501, 502, 503, 504, 506], "excluded_lines": [], "functions": {"MCPClient.__init__": {"executed_lines": [], "summary": {"covered_lines": 0, "num_statements": 7, "percent_covered": 0.0, "percent_covered_display": "0", "missing_lines": 7, "excluded_lines": 0, "percent_statements_covered": 0.0, "percent_statements_covered_display": "0"}, "missing_lines": [51, 52, 53, 54, 55, 56, 61], "excluded_lines": [], "start_line": 39}, "MCPClient.initialize": {"executed_lines": [], "summary": {"covered_lines": 0, "num_statements": 18, "percent_covered": 0.0, "percent_covered_display": "0", "missing_lines": 18, "excluded_lines": 0, "percent_statements_covered": 0.0, "percent_statements_covered_display": "0"}, "missing_lines": [70, 71, 72, 75, 89, 90, 92, 93, 94, 97, 100, 103, 105, 106, 107, 109, 110, 111], "excluded_lines": [], "start_line": 63}, "MCPClient.initialize_async": {"executed_lines": [], "summary": {"covered_lines": 0, "num_statements": 21, "percent_covered": 0.0, "percent_covered_display": "0", "missing_lines": 21, "excluded_lines": 0, "percent_statements_covered": 0.0, "percent_statements_covered_display": "0"}, "missing_lines": [120, 121, 122, 124, 125, 126, 129, 143, 144, 146, 147, 148, 151, 154, 157, 159, 160, 161, 163, 164, 165], "excluded_lines": [], "start_line": 113}, "MCPClient._parse_init_response": {"executed_lines": [], "summary": {"covered_lines": 0, "num_statements": 21, "percent_covered": 0.0, "percent_covered_display": "0", "missing_lines": 21, "excluded_lines": 0, "percent_statements_covered": 0.0, "percent_statements_covered_display": "0"}, "missing_lines": [169, 171, 172, 173, 174, 175, 178, 179, 180, 181, 182, 183, 184, 185, 186, 187, 188, 189, 190, 192, 193], "excluded_lines": [], "start_line": 167}, "MCPClient._send_initialized_notification": {"executed_lines": [], "summary": {"covered_lines": 0, "num_statements": 8, "percent_covered": 0.0, "percent_covered_display": "0", "missing_lines": 8, "excluded_lines": 0, "percent_statements_covered": 0.0, "percent_statements_covered_display": "0"}, "missing_lines": [197, 198, 203, 204, 206, 207, 209, 210], "excluded_lines": [], "start_line": 195}, "MCPClient._send_initialized_notification_async": {"executed_lines": [], "summary": {"covered_lines": 0, "num_statements": 6, "percent_covered": 0.0, "percent_covered_display": "0", "missing_lines": 6, "excluded_lines": 0, "percent_statements_covered": 0.0, "percent_statements_covered_display": "0"}, "missing_lines": [214, 215, 220, 221, 223, 224], "excluded_lines": [], "start_line": 212}, "MCPClient.search": {"executed_lines": [], "summary": {"covered_lines": 0, "num_statements": 13, "percent_covered": 0.0, "percent_covered_display": "0", "missing_lines": 13, "excluded_lines": 0, "percent_statements_covered": 0.0, "percent_statements_covered_display": "0"}, "missing_lines": [237, 238, 239, 244, 245, 258, 259, 261, 262, 264, 269, 270, 271], "excluded_lines": [], "start_line": 226}, "MCPClient.search_async": {"executed_lines": [], "summary": {"covered_lines": 0, "num_statements": 15, "percent_covered": 0.0, "percent_covered_display": "0", "missing_lines": 15, "excluded_lines": 0, "percent_statements_covered": 0.0, "percent_statements_covered_display": "0"}, "missing_lines": [287, 288, 293, 294, 295, 300, 301, 314, 315, 317, 318, 320, 325, 326, 327], "excluded_lines": [], "start_line": 276}, "MCPClient._parse_search_response": {"executed_lines": [], "summary": {"covered_lines": 0, "num_statements": 22, "percent_covered": 0.0, "percent_covered_display": "0", "missing_lines": 22, "excluded_lines": 0, "percent_statements_covered": 0.0, "percent_statements_covered_display": "0"}, "missing_lines": [334, 335, 338, 339, 340, 341, 342, 343, 344, 345, 346, 347, 350, 351, 352, 353, 354, 355, 357, 362, 363, 364], "excluded_lines": [], "start_line": 332}, "MCPClient.list_tools": {"executed_lines": [], "summary": {"covered_lines": 0, "num_statements": 13, "percent_covered": 0.0, "percent_covered_display": "0", "missing_lines": 13, "excluded_lines": 0, "percent_statements_covered": 0.0, "percent_statements_covered_display": "0"}, "missing_lines": [376, 377, 378, 383, 384, 390, 391, 393, 394, 396, 401, 402, 403], "excluded_lines": [], "start_line": 369}, "MCPClient.close": {"executed_lines": [], "summary": {"covered_lines": 0, "num_statements": 14, "percent_covered": 0.0, "percent_covered_display": "0", "missing_lines": 14, "excluded_lines": 0, "percent_statements_covered": 0.0, "percent_statements_covered_display": "0"}, "missing_lines": [410, 412, 413, 415, 416, 417, 418, 420, 421, 422, 423, 424, 425, 426], "excluded_lines": [], "start_line": 408}, "MCPClient.close_async": {"executed_lines": [], "summary": {"covered_lines": 0, "num_statements": 9, "percent_covered": 0.0, "percent_covered_display": "0", "missing_lines": 9, "excluded_lines": 0, "percent_statements_covered": 0.0, "percent_statements_covered_display": "0"}, "missing_lines": [430, 431, 432, 433, 434, 435, 437, 438, 439], "excluded_lines": [], "start_line": 428}, "create_mcp_client": {"executed_lines": [], "summary": {"covered_lines": 0, "num_statements": 3, "percent_covered": 0.0, "percent_covered_display": "0", "missing_lines": 3, "excluded_lines": 0, "percent_statements_covered": 0.0, "percent_statements_covered_display": "0"}, "missing_lines": [456, 457, 459], "excluded_lines": [], "start_line": 442}, "mcp_search": {"executed_lines": [], "summary": {"covered_lines": 0, "num_statements": 5, "percent_covered": 0.0, "percent_covered_display": "0", "missing_lines": 5, "excluded_lines": 0, "percent_statements_covered": 0.0, "percent_statements_covered_display": "0"}, "missing_lines": [475, 476, 477, 478, 480], "excluded_lines": [], "start_line": 463}, "mcp_search_async": {"executed_lines": [], "summary": {"covered_lines": 0, "num_statements": 7, "percent_covered": 0.0, "percent_covered_display": "0", "missing_lines": 7, "excluded_lines": 0, "percent_statements_covered": 0.0, "percent_statements_covered_display": "0"}, "missing_lines": [495, 496, 501, 502, 503, 504, 506], "excluded_lines": [], "start_line": 483}, "": {"executed_lines": [], "summary": {"covered_lines": 0, "num_statements": 30, "percent_covered": 0.0, "percent_covered_display": "0", "missing_lines": 30, "excluded_lines": 0, "percent_statements_covered": 0.0, "percent_statements_covered_display": "0"}, "missing_lines": [14, 15, 16, 17, 19, 21, 22, 25, 26, 27, 28, 29, 30, 33, 36, 39, 63, 113, 167, 195, 212, 226, 276, 332, 369, 408, 428, 442, 463, 483], "excluded_lines": [], "start_line": 1}}, "classes": {"MCPClient": {"executed_lines": [], "summary": {"covered_lines": 0, "num_statements": 167, "percent_covered": 0.0, "percent_covered_display": "0", "missing_lines": 167, "excluded_lines": 0, "percent_statements_covered": 0.0, "percent_statements_covered_display": "0"}, "missing_lines": [51, 52, 53, 54, 55, 56, 61, 70, 71, 72, 75, 89, 90, 92, 93, 94, 97, 100, 103, 105, 106, 107, 109, 110, 111, 120, 121, 122, 124, 125, 126, 129, 143, 144, 146, 147, 148, 151, 154, 157, 159, 160, 161, 163, 164, 165, 169, 171, 172, 173, 174, 175, 178, 179, 180, 181, 182, 183, 184, 185, 186, 187, 188, 189, 190, 192, 193, 197, 198, 203, 204, 206, 207, 209, 210, 214, 215, 220, 221, 223, 224, 237, 238, 239, 244, 245, 258, 259, 261, 262, 264, 269, 270, 271, 287, 288, 293, 294, 295, 300, 301, 314, 315, 317, 318, 320, 325, 326, 327, 334, 335, 338, 339, 340, 341, 342, 343, 344, 345, 346, 347, 350, 351, 352, 353, 354, 355, 357, 362, 363, 364, 376, 377, 378, 383, 384, 390, 391, 393, 394, 396, 401, 402, 403, 410, 412, 413, 415, 416, 417, 418, 420, 421, 422, 423, 424, 425, 426, 430, 431, 432, 433, 434, 435, 437, 438, 439], "excluded_lines": [], "start_line": 36}, "": {"executed_lines": [], "summary": {"covered_lines": 0, "num_statements": 45, "percent_covered": 0.0, "percent_covered_display": "0", "missing_lines": 45, "excluded_lines": 0, "percent_statements_covered": 0.0, "percent_statements_covered_display": "0"}, "missing_lines": [14, 15, 16, 17, 19, 21, 22, 25, 26, 27, 28, 29, 30, 33, 36, 39, 63, 113, 167, 195, 212, 226, 276, 332, 369, 408, 428, 442, 456, 457, 459, 463, 475, 476, 477, 478, 480, 483, 495, 496, 501, 502, 503, 504, 506], "excluded_lines": [], "start_line": 1}}}, "mcp_http_server.py": {"executed_lines": [], "summary": {"covered_lines": 0, "num_statements": 164, "percent_covered": 0.0, "percent_covered_display": "0", "missing_lines": 164, "excluded_lines": 0, "percent_statements_covered": 0.0, "percent_statements_covered_display": "0"}, "missing_lines": [6, 7, 8, 9, 10, 11, 12, 13, 15, 16, 19, 22, 23, 27, 29, 30, 31, 34, 36, 39, 41, 42, 45, 47, 48, 51, 53, 54, 57, 59, 60, 61, 64, 66, 67, 68, 72, 79, 88, 90, 226, 231, 232, 233, 235, 236, 238, 239, 240, 242, 243, 245, 246, 257, 260, 262, 271, 278, 280, 281, 282, 284, 285, 288, 290, 291, 302, 305, 306, 308, 315, 322, 324, 325, 326, 328, 329, 332, 334, 335, 345, 348, 349, 351, 357, 364, 366, 368, 369, 371, 372, 374, 377, 378, 380, 386, 393, 395, 397, 404, 406, 408, 409, 420, 424, 432, 434, 436, 443, 445, 447, 452, 460, 462, 463, 464, 477, 478, 480, 482, 495, 496, 498, 499, 502, 503, 505, 507, 508, 512, 513, 515, 521, 522, 524, 527, 528, 530, 536, 537, 539, 542, 543, 545, 546, 549, 550, 552, 559, 560, 563, 564, 565, 566, 567, 568, 571, 572, 575, 576, 577, 578, 581, 582], "excluded_lines": [], "functions": {"get_mcp_tools": {"executed_lines": [], "summary": {"covered_lines": 0, "num_statements": 1, "percent_covered": 0.0, "percent_covered_display": "0", "missing_lines": 1, "excluded_lines": 0, "percent_statements_covered": 0.0, "percent_statements_covered_display": "0"}, "missing_lines": [90], "excluded_lines": [], "start_line": 88}, "execute_tool": {"executed_lines": [], "summary": {"covered_lines": 0, "num_statements": 75, "percent_covered": 0.0, "percent_covered_display": "0", "missing_lines": 75, "excluded_lines": 0, "percent_statements_covered": 0.0, "percent_statements_covered_display": "0"}, "missing_lines": [231, 232, 233, 235, 236, 238, 239, 240, 242, 243, 245, 246, 257, 260, 262, 271, 278, 280, 281, 282, 284, 285, 288, 290, 291, 302, 305, 306, 308, 315, 322, 324, 325, 326, 328, 329, 332, 334, 335, 345, 348, 349, 351, 357, 364, 366, 368, 369, 371, 372, 374, 377, 378, 380, 386, 393, 395, 397, 404, 406, 408, 409, 420, 424, 432, 434, 436, 443, 445, 447, 452, 460, 462, 463, 464], "excluded_lines": [], "start_line": 226}, "mcp_initialize": {"executed_lines": [], "summary": {"covered_lines": 0, "num_statements": 2, "percent_covered": 0.0, "percent_covered_display": "0", "missing_lines": 2, "excluded_lines": 0, "percent_statements_covered": 0.0, "percent_statements_covered_display": "0"}, "missing_lines": [480, 482], "excluded_lines": [], "start_line": 478}, "mcp_list_tools": {"executed_lines": [], "summary": {"covered_lines": 0, "num_statements": 2, "percent_covered": 0.0, "percent_covered_display": "0", "missing_lines": 2, "excluded_lines": 0, "percent_statements_covered": 0.0, "percent_statements_covered_display": "0"}, "missing_lines": [498, 499], "excluded_lines": [], "start_line": 496}, "mcp_call_tool": {"executed_lines": [], "summary": {"covered_lines": 0, "num_statements": 3, "percent_covered": 0.0, "percent_covered_display": "0", "missing_lines": 3, "excluded_lines": 0, "percent_statements_covered": 0.0, "percent_statements_covered_display": "0"}, "missing_lines": [505, 507, 508], "excluded_lines": [], "start_line": 503}, "search_endpoint": {"executed_lines": [], "summary": {"covered_lines": 0, "num_statements": 4, "percent_covered": 0.0, "percent_covered_display": "0", "missing_lines": 4, "excluded_lines": 0, "percent_statements_covered": 0.0, "percent_statements_covered_display": "0"}, "missing_lines": [515, 521, 522, 524], "excluded_lines": [], "start_line": 513}, "add_endpoint": {"executed_lines": [], "summary": {"covered_lines": 0, "num_statements": 4, "percent_covered": 0.0, "percent_covered_display": "0", "missing_lines": 4, "excluded_lines": 0, "percent_statements_covered": 0.0, "percent_statements_covered_display": "0"}, "missing_lines": [530, 536, 537, 539], "excluded_lines": [], "start_line": 528}, "stats_endpoint": {"executed_lines": [], "summary": {"covered_lines": 0, "num_statements": 2, "percent_covered": 0.0, "percent_covered_display": "0", "missing_lines": 2, "excluded_lines": 0, "percent_statements_covered": 0.0, "percent_statements_covered_display": "0"}, "missing_lines": [545, 546], "excluded_lines": [], "start_line": 543}, "health_check": {"executed_lines": [], "summary": {"covered_lines": 0, "num_statements": 1, "percent_covered": 0.0, "percent_covered_display": "0", "missing_lines": 1, "excluded_lines": 0, "percent_statements_covered": 0.0, "percent_statements_covered_display": "0"}, "missing_lines": [552], "excluded_lines": [], "start_line": 550}, "startup_event": {"executed_lines": [], "summary": {"covered_lines": 0, "num_statements": 6, "percent_covered": 0.0, "percent_covered_display": "0", "missing_lines": 6, "excluded_lines": 0, "percent_statements_covered": 0.0, "percent_statements_covered_display": "0"}, "missing_lines": [563, 564, 565, 566, 567, 568], "excluded_lines": [], "start_line": 560}, "shutdown_event": {"executed_lines": [], "summary": {"covered_lines": 0, "num_statements": 4, "percent_covered": 0.0, "percent_covered_display": "0", "missing_lines": 4, "excluded_lines": 0, "percent_statements_covered": 0.0, "percent_statements_cove
[...]
": 10, "num_statements": 10, "percent_covered": 100.0, "percent_covered_display": "100", "missing_lines": 0, "excluded_lines": 0, "percent_statements_covered": 100.0, "percent_statements_covered_display": "100"}, "missing_lines": [], "excluded_lines": [], "start_line": 183}, "": {"executed_lines": [4, 5, 6, 7, 8, 9, 19, 22, 30, 52, 60, 72, 75, 83, 91, 94, 106, 115, 118, 137, 157, 160, 171, 183, 186, 196, 207], "summary": {"covered_lines": 27, "num_statements": 28, "percent_covered": 96.42857142857143, "percent_covered_display": "96", "missing_lines": 1, "excluded_lines": 0, "percent_statements_covered": 96.42857142857143, "percent_statements_covered_display": "96"}, "missing_lines": [208], "excluded_lines": [], "start_line": 1}}}, "tests/test_update.py": {"executed_lines": [4, 5, 6, 7, 8, 11, 12, 14, 15, 16, 17, 18, 19, 20, 21, 22, 24, 25, 27, 28, 29, 31, 34, 35, 37, 41, 42, 43, 46, 47, 48, 49, 50, 53, 54, 55, 56, 57, 58, 60, 63, 66, 69, 70, 71, 74, 77, 82, 83, 84, 85, 86, 89, 90, 93, 94, 96, 99, 102, 107, 108, 109, 110, 113, 116, 117, 119, 121, 122, 123, 126, 131, 132, 133, 136, 137, 139, 142, 143, 144, 147, 150, 157, 158, 159, 160, 162, 164, 171, 172, 173, 176, 177, 179, 181, 182, 183, 186, 189, 195, 196, 197, 200, 201, 202, 204, 206, 209, 212, 217, 220, 223, 224, 227, 229, 230, 233, 236, 239, 241, 243, 244, 245, 246, 249, 250, 252, 254, 255, 256, 258, 261, 267], "summary": {"covered_lines": 133, "num_statements": 133, "percent_covered": 100.0, "percent_covered_display": "100", "missing_lines": 0, "excluded_lines": 0, "percent_statements_covered": 100.0, "percent_statements_covered_display": "100"}, "missing_lines": [], "excluded_lines": [], "functions": {"mock_config": {"executed_lines": [14, 15, 16, 17, 18, 19, 20, 21, 22, 24, 27, 28, 29, 31], "summary": {"covered_lines": 14, "num_statements": 14, "percent_covered": 100.0, "percent_covered_display": "100", "missing_lines": 0, "excluded_lines": 0, "percent_statements_covered": 100.0, "percent_statements_covered_display": "100"}, "missing_lines": [], "excluded_lines": [], "start_line": 12}, "mock_config.validate_businesstype": {"executed_lines": [25], "summary": {"covered_lines": 1, "num_statements": 1, "percent_covered": 100.0, "percent_covered_display": "100", "missing_lines": 0, "excluded_lines": 0, "percent_statements_covered": 100.0, "percent_statements_covered_display": "100"}, "missing_lines": [], "excluded_lines": [], "start_line": 24}, "mock_db": {"executed_lines": [37, 41, 42, 43, 46, 47, 48, 49, 50, 53, 54, 55, 56, 57, 58, 60], "summary": {"covered_lines": 16, "num_statements": 16, "percent_covered": 100.0, "percent_covered_display": "100", "missing_lines": 0, "excluded_lines": 0, "percent_statements_covered": 100.0, "percent_statements_covered_display": "100"}, "missing_lines": [], "excluded_lines": [], "start_line": 35}, "TestUpdateTexts.test_update_single_existing_text": {"executed_lines": [69, 70, 71, 74, 77, 82, 83, 84, 85, 86, 89, 90, 93, 94], "summary": {"covered_lines": 14, "num_statements": 14, "percent_covered": 100.0, "percent_covered_display": "100", "missing_lines": 0, "excluded_lines": 0, "percent_statements_covered": 100.0, "percent_statements_covered_display": "100"}, "missing_lines": [], "excluded_lines": [], "start_line": 66}, "TestUpdateTexts.test_upsert_non_existing_text": {"executed_lines": [99, 102, 107, 108, 109, 110, 113, 116, 117], "summary": {"covered_lines": 9, "num_statements": 9, "percent_covered": 100.0, "percent_covered_display": "100", "missing_lines": 0, "excluded_lines": 0, "percent_statements_covered": 100.0, "percent_statements_covered_display": "100"}, "missing_lines": [], "excluded_lines": [], "start_line": 96}, "TestUpdateTexts.test_update_same_text_skips": {"executed_lines": [121, 122, 123, 126, 131, 132, 133, 136, 137], "summary": {"covered_lines": 9, "num_statements": 9, "percent_covered": 100.0, "percent_covered_display": "100", "missing_lines": 0, "excluded_lines": 0, "percent_statements_covered": 100.0, "percent_statements_covered_display": "100"}, "missing_lines": [], "excluded_lines": [], "start_line": 119}, "TestUpdateTexts.test_batch_update_mixed_operations": {"executed_lines": [142, 143, 144, 147, 150, 157, 158, 159, 160], "summary": {"covered_lines": 9, "num_statements": 9, "percent_covered": 100.0, "percent_covered_display": "100", "missing_lines": 0, "excluded_lines": 0, "percent_statements_covered": 100.0, "percent_statements_covered_display": "100"}, "missing_lines": [], "excluded_lines": [], "start_line": 139}, "TestUpdateTexts.test_empty_text_validation": {"executed_lines": [164, 171, 172, 173, 176, 177], "summary": {"covered_lines": 6, "num_statements": 6, "percent_covered": 100.0, "percent_covered_display": "100", "missing_lines": 0, "excluded_lines": 0, "percent_statements_covered": 100.0, "percent_statements_covered_display": "100"}, "missing_lines": [], "excluded_lines": [], "start_line": 162}, "TestUpdateTexts.test_batch_update_partial_failure": {"executed_lines": [181, 182, 183, 186, 189, 195, 196, 197, 200, 201, 202], "summary": {"covered_lines": 11, "num_statements": 11, "percent_covered": 100.0, "percent_covered_display": "100", "missing_lines": 0, "excluded_lines": 0, "percent_statements_covered": 100.0, "percent_statements_covered_display": "100"}, "missing_lines": [], "excluded_lines": [], "start_line": 179}, "TestUpdateTexts.test_dirty_flag_set_after_update": {"executed_lines": [206, 209, 212, 217], "summary": {"covered_lines": 4, "num_statements": 4, "percent_covered": 100.0, "percent_covered_display": "100", "missing_lines": 0, "excluded_lines": 0, "percent_statements_covered": 100.0, "percent_statements_covered_display": "100"}, "missing_lines": [], "excluded_lines": [], "start_line": 204}, "TestUpdateAPI.test_update_api_endpoint": {"executed_lines": [227], "summary": {"covered_lines": 1, "num_statements": 1, "percent_covered": 100.0, "percent_covered_display": "100", "missing_lines": 0, "excluded_lines": 0, "percent_statements_covered": 100.0, "percent_statements_covered_display": "100"}, "missing_lines": [], "excluded_lines": [], "start_line": 224}, "TestUpdateAPI.test_update_api_with_auto_save": {"executed_lines": [233], "summary": {"covered_lines": 1, "num_statements": 1, "percent_covered": 100.0, "percent_covered_display": "100", "missing_lines": 0, "excluded_lines": 0, "percent_statements_covered": 100.0, "percent_statements_covered_display": "100"}, "missing_lines": [], "excluded_lines": [], "start_line": 230}, "TestEdgeCases.test_update_empty_list": {"executed_lines": [241, 243, 244, 245, 246, 249, 250], "summary": {"covered_lines": 7, "num_statements": 7, "percent_covered": 100.0, "percent_covered_display": "100", "missing_lines": 0, "excluded_lines": 0, "percent_statements_covered": 100.0, "percent_statements_covered_display": "100"}, "missing_lines": [], "excluded_lines": [], "start_line": 239}, "TestEdgeCases.test_update_duplicate_old_texts": {"executed_lines": [254, 255, 256, 258, 261, 267], "summary": {"covered_lines": 6, "num_statements": 6, "percent_covered": 100.0, "percent_covered_display": "100", "missing_lines": 0, "excluded_lines": 0, "percent_statements_covered": 100.0, "percent_statements_covered_display": "100"}, "missing_lines": [], "excluded_lines": [], "start_line": 252}, "": {"executed_lines": [4, 5, 6, 7, 8, 11, 12, 34, 35, 63, 66, 96, 119, 139, 162, 179, 204, 220, 223, 224, 229, 230, 236, 239, 252], "summary": {"covered_lines": 25, "num_statements": 25, "percent_covered": 100.0, "percent_covered_display": "100", "missing_lines": 0, "excluded_lines": 0, "percent_statements_covered": 100.0, "percent_statements_covered_display": "100"}, "missing_lines": [], "excluded_lines": [], "start_line": 1}}, "classes": {"TestUpdateTexts": {"executed_lines": [69, 70, 71, 74, 77, 82, 83, 84, 85, 86, 89, 90, 93, 94, 99, 102, 107, 108, 109, 110, 113, 116, 117, 121, 122, 123, 126, 131, 132, 133, 136, 137, 142, 143, 144, 147, 150, 157, 158, 159, 160, 164, 171, 172, 173, 176, 177, 181, 182, 183, 186, 189, 195, 196, 197, 200, 201, 202, 206, 209, 212, 217], "summary": {"covered_lines": 62, "num_statements": 62, "percent_covered": 100.0, "percent_covered_display": "100", "missing_lines": 0, "excluded_lines": 0, "percent_statements_covered": 100.0, "percent_statements_covered_display": "100"}, "missing_lines": [], "excluded_lines": [], "start_line": 63}, "TestUpdateAPI": {"executed_lines": [227, 233], "summary": {"covered_lines": 2, "num_statements": 2, "percent_covered": 100.0, "percent_covered_display": "100", "missing_lines": 0, "excluded_lines": 0, "percent_statements_covered": 100.0, "percent_statements_covered_display": "100"}, "missing_lines": [], "excluded_lines": [], "start_line": 220}, "TestEdgeCases": {"executed_lines": [241, 243, 244, 245, 246, 249, 250, 254, 255, 256, 258, 261, 267], "summary": {"covered_lines": 13, "num_statements": 13, "percent_covered": 100.0, "percent_covered_display": "100", "missing_lines": 0, "excluded_lines": 0, "percent_statements_covered": 100.0, "percent_statements_covered_display": "100"}, "missing_lines": [], "excluded_lines": [], "start_line": 236}, "": {"executed_lines": [4, 5, 6, 7, 8, 11, 12, 14, 15, 16, 17, 18, 19, 20, 21, 22, 24, 25, 27, 28, 29, 31, 34, 35, 37, 41, 42, 43, 46, 47, 48, 49, 50, 53, 54, 55, 56, 57, 58, 60, 63, 66, 96, 119, 139, 162, 179, 204, 220, 223, 224, 229, 230, 236, 239, 252], "summary": {"covered_lines": 56, "num_statements": 56, "percent_covered": 100.0, "percent_covered_display": "100", "missing_lines": 0, "excluded_lines": 0, "percent_statements_covered": 100.0, "percent_statements_covered_display": "100"}, "missing_lines": [], "excluded_lines": [], "start_line": 1}}}, "tests/test_update_integration.py": {"executed_lines": [4, 5, 6, 7, 10, 11, 13, 16, 19, 21, 28, 30, 33, 40, 42, 44, 49, 51, 54, 59, 62, 64, 66, 74, 76, 78, 86, 88, 90, 96, 108, 111, 114, 120, 133, 135, 142, 147, 149, 158, 165, 168, 170, 173, 179, 187, 200, 203, 205, 210, 212, 214, 223, 230, 233, 235, 237, 242, 243, 244, 246, 250, 252, 254, 259, 260, 261, 263], "summary": {"covered_lines": 68, "num_statements": 91, "percent_covered": 74.72527472527473, "percent_covered_display": "75", "missing_lines": 23, "excluded_lines": 0, "percent_statements_covered": 74.72527472527473, "percent_statements_covered_display": "75"}, "missing_lines": [97, 99, 100, 101, 102, 103, 104, 105, 121, 129, 130, 131, 143, 145, 159, 161, 162, 188, 194, 195, 197, 248, 265], "excluded_lines": [], "functions": {"client": {"executed_lines": [13], "summary": {"covered_lines": 1, "num_statements": 1, "percent_covered": 100.0, "percent_covered_display": "100", "missing_lines": 0, "excluded_lines": 0, "percent_statements_covered": 100.0, "percent_statements_covered_display": "100"}, "missing_lines": [], "excluded_lines": [], "start_line": 11}, "TestUpdateAPIIntegration.test_update_endpoint_exists": {"executed_lines": [21, 28], "summary": {"covered_lines": 2, "num_statements": 2, "percent_covered": 100.0, "percent_covered_display": "100", "missing_lines": 0, "excluded_lines": 0, "percent_statements_covered": 100.0, "percent_statements_covered_display": "100"}, "missing_lines": [], "excluded_lines": [], "start_line": 19}, "TestUpdateAPIIntegration.test_update_request_validation": {"executed_lines": [33, 40], "summary": {"covered_lines": 2, "num_statements": 2, "percent_covered": 100.0, "percent_covered_display": "100", "missing_lines": 0, "excluded_lines": 0, "percent_statements_covered": 100.0, "percent_statements_covered_display": "100"}, "missing_lines": [], "excluded_lines": [], "start_line": 30}, "TestUpdateAPIIntegration.test_update_empty_updates_list": {"executed_lines": [44, 49], "summary": {"covered_lines": 2, "num_statements": 2, "percent_covered": 100.0, "percent_covered_display": "100", "missing_lines": 0, "excluded_lines": 0, "percent_statements_covered": 100.0, "percent_statements_covered_display": "100"}, "missing_lines": [], "excluded_lines": [], "start_line": 42}, "TestUpdateAPIIntegration.test_update_exceeds_max_length": {"executed_lines": [54, 59, 62], "summary": {"covered_lines": 3, "num_statements": 3, "percent_covered": 100.0, "percent_covered_display": "100", "missing_lines": 0, "excluded_lines": 0, "percent_statements_covered": 100.0, "percent_statements_covered_display": "100"}, "missing_lines": [], "excluded_lines": [], "start_line": 51}, "TestUpdateAPIIntegration.test_update_with_businesstype": {"executed_lines": [66, 74], "summary": {"covered_lines": 2, "num_statements": 2, "percent_covered": 100.0, "percent_covered_display": "100", "missing_lines": 0, "excluded_lines": 0, "percent_statements_covered": 100.0, "percent_statements_covered_display": "100"}, "missing_lines": [], "excluded_lines": [], "start_line": 64}, "TestUpdateAPIIntegration.test_update_invalid_businesstype": {"executed_lines": [78, 86], "summary": {"covered_lines": 2, "num_statements": 2, "percent_covered": 100.0, "percent_covered_display": "100", "missing_lines": 0, "excluded_lines": 0, "percent_statements_covered": 100.0, "percent_statements_covered_display": "100"}, "missing_lines": [], "excluded_lines": [], "start_line": 76}, "TestUpdateAPIIntegration.test_update_response_format": {"executed_lines": [90, 96], "summary": {"covered_lines": 2, "num_statements": 10, "percent_covered": 20.0, "percent_covered_display": "20", "missing_lines": 8, "excluded_lines": 0, "percent_statements_covered": 20.0, "percent_statements_covered_display": "20"}, "missing_lines": [97, 99, 100, 101, 102, 103, 104, 105], "excluded_lines": [], "start_line": 88}, "TestUpdateWorkflow.test_add_then_update_workflow": {"executed_lines": [114, 120], "summary": {"covered_lines": 2, "num_statements": 6, "percent_covered": 33.333333333333336, "percent_covered_display": "33", "missing_lines": 4, "excluded_lines": 0, "percent_statements_covered": 33.333333333333336, "percent_statements_covered_display": "33"}, "missing_lines": [121, 129, 130, 131], "excluded_lines": [], "start_line": 111}, "TestUpdateWorkflow.test_upsert_workflow": {"executed_lines": [135, 142], "summary": {"covered_lines": 2, "num_statements": 4, "percent_covered": 50.0, "percent_covered_display": "50", "missing_lines": 2, "excluded_lines": 0, "percent_statements_covered": 50.0, "percent_statements_covered_display": "50"}, "missing_lines": [143, 145], "excluded_lines": [], "start_line": 133}, "TestUpdateWorkflow.test_batch_update_workflow": {"executed_lines": [149, 158], "summary": {"covered_lines": 2, "num_statements": 5, "percent_covered": 40.0, "percent_covered_display": "40", "missing_lines": 3, "excluded_lines": 0, "percent_statements_covered": 40.0, "percent_statements_covered_display": "40"}, "missing_lines": [159, 161, 162], "excluded_lines": [], "start_line": 147}, "TestUpdateWithSearch.test_update_then_search": {"executed_lines": [170, 173, 179, 187], "summary": {"covered_lines": 4, "num_statements": 8, "percent_covered": 50.0, "percent_covered_display": "50", "missing_lines": 4, "excluded_lines": 0, "percent_statements_covered": 50.0, "percent_statements_covered_display": "50"}, "missing_lines": [188, 194, 195, 197], "excluded_lines": [], "start_line": 168}, "TestUpdateErrorHandling.test_update_with_invalid_json": {"executed_lines": [205, 210], "summary": {"covered_lines": 2, "num_statements": 2, "percent_covered": 100.0, "percent_covered_display": "100", "missing_lines": 0, "excluded_lines": 0, "percent_statements_covered": 100.0, "percent_statements_covered_display": "100"}, "missing_lines": [], "excluded_lines": [], "start_line": 203}, "TestUpdateErrorHandling.test_update_with_missing_content_type": {"executed_lines": [214, 223], "summary": {"covered_lines": 2, "num_statements": 2, "percent_covered": 100.0, "percent_covered_display": "100", "missing_lines": 0, "excluded_lines": 0, "percent_statements_covered": 100.0, "percent_statements_covered_display": "100"}, "missing_lines": [], "excluded_lines": [], "start_line": 212}, "TestUpdatePerformance.test_small_batch_performance": {"executed_lines": [235, 237, 242, 243, 244, 246], "summary": {"covered_lines": 6, "num_statements": 7, "percent_covered": 85.71428571428571, "percent_covered_display": "86", "missing_lines": 1, "excluded_lines": 0, "percent_statements_covered": 85.71428571428571, "percent_statements_covered_display": "86"}, "missing_lines": [248], "excluded_lines": [], "start_line": 233}, "TestUpdatePerformance.test_medium_batch_performance": {"executed_lines": [252, 254, 259, 260, 261, 263], "summary": {"covered_lines": 6, "num_statements": 7, "percent_covered": 85.71428571428571, "percent_covered_display": "86", "missing_lines": 1, "excluded_lines": 0, "percent_statements_covered": 85.71428571428571, "percent_statements_covered_display": "86"}, "missing_lines": [265], "excluded_lines": [], "start_line": 250}, "": {"executed_lines": [4, 5, 6, 7, 10, 11, 16, 19, 30, 42, 51, 64, 76, 88, 108, 111, 133, 147, 165, 168, 200, 203, 212, 230, 233, 250], "summary": {"covered_lines": 26, "num_statements": 26, "percent_covered": 100.0, "percent_covered_display": "100", "missing_lines": 0, "excluded_lines": 0, "percent_statements_covered": 100.0, "percent_statements_covered_display": "100"}, "missing_lines": [], "excluded_lines": [], "start_line": 1}}, "classes": {"TestUpdateAPIIntegration": {"executed_lines": [21, 28, 33, 40, 44, 49, 54, 59, 62, 66, 74, 78, 86, 90, 96], "summary": {"covered_lines": 15, "num_statements": 23, "percent_covered": 65.21739130434783, "percent_covered_display": "65", "missing_lines": 8, "excluded_lines": 0, "percent_statements_covered": 65.21739130434783, "percent_statements_covered_display": "65"}, "missing_lines": [97, 99, 100, 101, 102, 103, 104, 105], "excluded_lines": [], "start_line": 16}, "TestUpdateWorkflow": {"executed_lines": [114, 120, 135, 142, 149, 158], "summary": {"covered_lines": 6, "num_statements": 15, "percent_covered": 40.0, "percent_covered_display": "40", "missing_lines": 9, "excluded_lines": 0, "percent_statements_covered": 40.0, "percent_statements_covered_display": "40"}, "missing_lines": [121, 129, 130, 131, 143, 145, 159, 161, 162], "excluded_lines": [], "start_line": 108}, "TestUpdateWithSearch": {"executed_lines": [170, 173, 179, 187], "summary": {"covered_lines": 4, "num_statements": 8, "percent_covered": 50.0, "percent_covered_display": "50", "missing_lines": 4, "excluded_lines": 0, "percent_statements_covered": 50.0, "percent_statements_covered_display": "50"}, "missing_lines": [188, 194, 195, 197], "excluded_lines": [], "start_line": 165}, "TestUpdateErrorHandling": {"executed_lines": [205, 210, 214, 223], "summary": {"covered_lines": 4, "num_statements": 4, "percent_covered": 100.0, "percent_covered_display": "100", "missing_lines": 0, "excluded_lines": 0, "percent_statements_covered": 100.0, "percent_statements_covered_display": "100"}, "missing_lines": [], "excluded_lines": [], "start_line": 200}, "TestUpdatePerformance": {"executed_lines": [235, 237, 242, 243, 244, 246, 252, 254, 259, 260, 261, 263], "summary": {"covered_lines": 12, "num_statements": 14, "percent_covered": 85.71428571428571, "percent_covered_display": "86", "missing_lines": 2, "excluded_lines": 0, "percent_statements_covered": 85.71428571428571, "percent_statements_covered_display": "86"}, "missing_lines": [248, 265], "excluded_lines": [], "start_line": 230}, "": {"executed_lines": [4, 5, 6, 7, 10, 11, 13, 16, 19, 30, 42, 51, 64, 76, 88, 108, 111, 133, 147, 165, 168, 200, 203, 212, 230, 233, 250], "summary": {"covered_lines": 27, "num_statements": 27, "percent_covered": 100.0, "percent_covered_display": "100", "missing_lines": 0, "excluded_lines": 0, "percent_statements_covered": 100.0, "percent_statements_covered_display": "100"}, "missing_lines": [], "excluded_lines": [], "start_line": 1}}}}, "totals": {"covered_lines": 1171, "num_statements": 3071, "percent_covered": 38.13090198632367, "percent_covered_display": "38", "missing_lines": 1900, "excluded_lines": 1, "percent_statements_covered": 38.13090198632367, "percent_statements_covered_display": "38"}}